<?xml version="1.0" encoding="UTF-8"?>
<coverage generated="1555337595276" clover="3.2.0">
  <project timestamp="1555337595277" name="All files">
    <metrics statements="238" coveredstatements="173" conditionals="66" coveredconditionals="40" methods="60" coveredmethods="35" elements="364" coveredelements="248" complexity="0" loc="238" ncloc="238" packages="6" files="15" classes="15"/>
    <package name="back-end-this-one">
      <metrics statements="6" coveredstatements="4" conditionals="2" coveredconditionals="2" methods="3" coveredmethods="1"/>
      <file name="knexfile.js" path="C:\Users\conco\Desktop\LambdaSchool\week15-build\back-end-this-one\knexfile.js">
        <metrics statements="6" coveredstatements="4" conditionals="2" coveredconditionals="2" methods="3" coveredmethods="1"/>
        <line num="2" count="5" type="stmt"/>
        <line num="8" count="5" type="cond" truecount="2" falsecount="0"/>
        <line num="10" count="5" type="stmt"/>
        <line num="25" count="4" type="stmt"/>
        <line num="44" count="0" type="stmt"/>
        <line num="59" count="0" type="stmt"/>
      </file>
    </package>
    <package name="back-end-this-one.api">
      <metrics statements="23" coveredstatements="22" conditionals="0" coveredconditionals="0" methods="2" coveredmethods="1"/>
      <file name="server.js" path="C:\Users\conco\Desktop\LambdaSchool\week15-build\back-end-this-one\api\server.js">
        <metrics statements="23" coveredstatements="22" conditionals="0" coveredconditionals="0" methods="2" coveredmethods="1"/>
        <line num="1" count="5" type="stmt"/>
        <line num="2" count="5" type="stmt"/>
        <line num="3" count="5" type="stmt"/>
        <line num="6" count="5" type="stmt"/>
        <line num="9" count="5" type="stmt"/>
        <line num="10" count="5" type="stmt"/>
        <line num="11" count="5" type="stmt"/>
        <line num="12" count="5" type="stmt"/>
        <line num="13" count="5" type="stmt"/>
        <line num="15" count="5" type="stmt"/>
        <line num="17" count="5" type="stmt"/>
        <line num="18" count="5" type="stmt"/>
        <line num="19" count="5" type="stmt"/>
        <line num="21" count="5" type="stmt"/>
        <line num="22" count="3" type="stmt"/>
        <line num="26" count="5" type="stmt"/>
        <line num="27" count="5" type="stmt"/>
        <line num="28" count="5" type="stmt"/>
        <line num="29" count="5" type="stmt"/>
        <line num="30" count="5" type="stmt"/>
        <line num="31" count="5" type="stmt"/>
        <line num="32" count="0" type="stmt"/>
        <line num="35" count="5" type="stmt"/>
      </file>
    </package>
    <package name="back-end-this-one.api.authorization">
      <metrics statements="18" coveredstatements="15" conditionals="6" coveredconditionals="4" methods="5" coveredmethods="4"/>
      <file name="authenticate.js" path="C:\Users\conco\Desktop\LambdaSchool\week15-build\back-end-this-one\api\authorization\authenticate.js">
        <metrics statements="18" coveredstatements="15" conditionals="6" coveredconditionals="4" methods="5" coveredmethods="4"/>
        <line num="1" count="5" type="stmt"/>
        <line num="2" count="5" type="cond" truecount="2" falsecount="0"/>
        <line num="4" count="5" type="stmt"/>
        <line num="6" count="5" type="stmt"/>
        <line num="9" count="40" type="stmt"/>
        <line num="10" count="40" type="cond" truecount="1" falsecount="1"/>
        <line num="11" count="40" type="stmt"/>
        <line num="12" count="40" type="cond" truecount="1" falsecount="1"/>
        <line num="13" count="0" type="stmt"/>
        <line num="15" count="40" type="stmt"/>
        <line num="16" count="40" type="stmt"/>
        <line num="20" count="40" type="stmt"/>
        <line num="21" count="40" type="stmt"/>
        <line num="24" count="0" type="stmt"/>
        <line num="31" count="0" type="stmt"/>
        <line num="36" count="20" type="stmt"/>
        <line num="40" count="20" type="stmt"/>
        <line num="43" count="20" type="stmt"/>
      </file>
    </package>
    <package name="back-end-this-one.api.routers">
      <metrics statements="143" coveredstatements="99" conditionals="54" coveredconditionals="32" methods="30" coveredmethods="18"/>
      <file name="auth-router.js" path="C:\Users\conco\Desktop\LambdaSchool\week15-build\back-end-this-one\api\routers\auth-router.js">
        <metrics statements="32" coveredstatements="30" conditionals="16" coveredconditionals="15" methods="2" coveredmethods="2"/>
        <line num="1" count="5" type="stmt"/>
        <line num="2" count="5" type="stmt"/>
        <line num="4" count="5" type="stmt"/>
        <line num="6" count="5" type="stmt"/>
        <line num="54" count="5" type="stmt"/>
        <line num="55" count="23" type="stmt"/>
        <line num="57" count="23" type="stmt"/>
        <line num="58" count="23" type="cond" truecount="6" falsecount="0"/>
        <line num="59" count="16" type="stmt"/>
        <line num="60" count="16" type="stmt"/>
        <line num="62" count="16" type="stmt"/>
        <line num="68" count="14" type="stmt"/>
        <line num="71" count="14" type="stmt"/>
        <line num="72" count="14" type="stmt"/>
        <line num="76" count="14" type="stmt"/>
        <line num="84" count="7" type="stmt"/>
        <line num="89" count="2" type="cond" truecount="1" falsecount="1"/>
        <line num="90" count="2" type="stmt"/>
        <line num="94" count="0" type="stmt"/>
        <line num="140" count="5" type="stmt"/>
        <line num="141" count="15" type="stmt"/>
        <line num="143" count="15" type="stmt"/>
        <line num="144" count="15" type="cond" truecount="4" falsecount="0"/>
        <line num="145" count="9" type="stmt"/>
        <line num="149" count="9" type="cond" truecount="4" falsecount="0"/>
        <line num="150" count="6" type="stmt"/>
        <line num="151" count="6" type="stmt"/>
        <line num="154" count="6" type="stmt"/>
        <line num="162" count="3" type="stmt"/>
        <line num="167" count="6" type="stmt"/>
        <line num="172" count="0" type="stmt"/>
        <line num="176" count="5" type="stmt"/>
      </file>
      <file name="classroom-router.js" path="C:\Users\conco\Desktop\LambdaSchool\week15-build\back-end-this-one\api\routers\classroom-router.js">
        <metrics statements="61" coveredstatements="37" conditionals="20" coveredconditionals="9" methods="13" coveredmethods="6"/>
        <line num="1" count="5" type="stmt"/>
        <line num="3" count="5" type="stmt"/>
        <line num="4" count="5" type="stmt"/>
        <line num="5" count="5" type="stmt"/>
        <line num="6" count="5" type="stmt"/>
        <line num="44" count="5" type="stmt"/>
        <line num="45" count="11" type="stmt"/>
        <line num="46" count="11" type="stmt"/>
        <line num="47" count="11" type="cond" truecount="2" falsecount="0"/>
        <line num="48" count="10" type="stmt"/>
        <line num="50" count="9" type="stmt"/>
        <line num="53" count="1" type="cond" truecount="1" falsecount="1"/>
        <line num="54" count="1" type="stmt"/>
        <line num="56" count="0" type="stmt"/>
        <line num="60" count="1" type="stmt"/>
        <line num="91" count="5" type="stmt"/>
        <line num="92" count="0" type="stmt"/>
        <line num="93" count="0" type="stmt"/>
        <line num="94" count="0" type="cond" truecount="0" falsecount="4"/>
        <line num="95" count="0" type="stmt"/>
        <line num="97" count="0" type="stmt"/>
        <line num="102" count="0" type="stmt"/>
        <line num="105" count="0" type="stmt"/>
        <line num="141" count="5" type="stmt"/>
        <line num="144" count="0" type="stmt"/>
        <line num="145" count="0" type="stmt"/>
        <line num="146" count="0" type="stmt"/>
        <line num="149" count="0" type="stmt"/>
        <line num="150" count="0" type="stmt"/>
        <line num="154" count="0" type="stmt"/>
        <line num="156" count="0" type="cond" truecount="0" falsecount="2"/>
        <line num="157" count="0" type="stmt"/>
        <line num="160" count="0" type="cond" truecount="0" falsecount="4"/>
        <line num="161" count="0" type="stmt"/>
        <line num="163" count="0" type="stmt"/>
        <line num="166" count="0" type="stmt"/>
        <line num="172" count="0" type="stmt"/>
        <line num="198" count="5" type="stmt"/>
        <line num="199" count="3" type="stmt"/>
        <line num="200" count="3" type="stmt"/>
        <line num="202" count="3" type="stmt"/>
        <line num="204" count="0" type="stmt"/>
        <line num="230" count="5" type="stmt"/>
        <line num="231" count="4" type="stmt"/>
        <line num="232" count="4" type="stmt"/>
        <line num="234" count="4" type="cond" truecount="2" falsecount="0"/>
        <line num="235" count="2" type="stmt"/>
        <line num="237" count="2" type="stmt"/>
        <line num="240" count="0" type="stmt"/>
        <line num="275" count="5" type="stmt"/>
        <line num="276" count="6" type="stmt"/>
        <line num="277" count="6" type="cond" truecount="2" falsecount="0"/>
        <line num="278" count="4" type="stmt"/>
        <line num="280" count="4" type="cond" truecount="2" falsecount="0"/>
        <line num="281" count="2" type="stmt"/>
        <line num="283" count="2" type="stmt"/>
        <line num="285" count="2" type="stmt"/>
        <line num="288" count="2" type="stmt"/>
        <line num="293" count="0" type="stmt"/>
        <line num="297" count="5" type="stmt"/>
        <line num="299" count="5" type="stmt"/>
      </file>
      <file name="project-router.js" path="C:\Users\conco\Desktop\LambdaSchool\week15-build\back-end-this-one\api\routers\project-router.js">
        <metrics statements="16" coveredstatements="14" conditionals="6" coveredconditionals="5" methods="6" coveredmethods="5"/>
        <line num="1" count="5" type="stmt"/>
        <line num="3" count="5" type="stmt"/>
        <line num="43" count="5" type="stmt"/>
        <line num="44" count="6" type="stmt"/>
        <line num="45" count="6" type="cond" truecount="4" falsecount="0"/>
        <line num="46" count="5" type="stmt"/>
        <line num="48" count="4" type="stmt"/>
        <line num="51" count="1" type="cond" truecount="1" falsecount="1"/>
        <line num="52" count="1" type="stmt"/>
        <line num="54" count="0" type="stmt"/>
        <line num="58" count="1" type="stmt"/>
        <line num="95" count="5" type="stmt"/>
        <line num="96" count="3" type="stmt"/>
        <line num="98" count="3" type="stmt"/>
        <line num="101" count="0" type="stmt"/>
        <line num="105" count="5" type="stmt"/>
      </file>
      <file name="project_members-router.js" path="C:\Users\conco\Desktop\LambdaSchool\week15-build\back-end-this-one\api\routers\project_members-router.js">
        <metrics statements="18" coveredstatements="4" conditionals="8" coveredconditionals="0" methods="3" coveredmethods="0"/>
        <line num="1" count="5" type="stmt"/>
        <line num="3" count="5" type="stmt"/>
        <line num="60" count="5" type="stmt"/>
        <line num="61" count="0" type="stmt"/>
        <line num="62" count="0" type="stmt"/>
        <line num="65" count="0" type="stmt"/>
        <line num="67" count="0" type="stmt"/>
        <line num="71" count="0" type="stmt"/>
        <line num="73" count="0" type="cond" truecount="0" falsecount="2"/>
        <line num="74" count="0" type="stmt"/>
        <line num="78" count="0" type="cond" truecount="0" falsecount="4"/>
        <line num="79" count="0" type="stmt"/>
        <line num="81" count="0" type="cond" truecount="0" falsecount="2"/>
        <line num="82" count="0" type="stmt"/>
        <line num="86" count="0" type="stmt"/>
        <line num="90" count="0" type="stmt"/>
        <line num="96" count="0" type="stmt"/>
        <line num="100" count="5" type="stmt"/>
      </file>
      <file name="roles-router.js" path="C:\Users\conco\Desktop\LambdaSchool\week15-build\back-end-this-one\api\routers\roles-router.js">
        <metrics statements="16" coveredstatements="14" conditionals="4" coveredconditionals="3" methods="6" coveredmethods="5"/>
        <line num="1" count="5" type="stmt"/>
        <line num="2" count="5" type="stmt"/>
        <line num="38" count="5" type="stmt"/>
        <line num="39" count="5" type="stmt"/>
        <line num="40" count="5" type="cond" truecount="2" falsecount="0"/>
        <line num="41" count="4" type="stmt"/>
        <line num="43" count="3" type="stmt"/>
        <line num="46" count="1" type="cond" truecount="1" falsecount="1"/>
        <line num="47" count="1" type="stmt"/>
        <line num="49" count="0" type="stmt"/>
        <line num="53" count="1" type="stmt"/>
        <line num="79" count="5" type="stmt"/>
        <line num="80" count="2" type="stmt"/>
        <line num="82" count="2" type="stmt"/>
        <line num="85" count="0" type="stmt"/>
        <line num="89" count="5" type="stmt"/>
      </file>
    </package>
    <package name="back-end-this-one.data">
      <metrics statements="4" coveredstatements="4" conditionals="2" coveredconditionals="2" methods="0" coveredmethods="0"/>
      <file name="dbConfig.js" path="C:\Users\conco\Desktop\LambdaSchool\week15-build\back-end-this-one\data\dbConfig.js">
        <metrics statements="4" coveredstatements="4" conditionals="2" coveredconditionals="2" methods="0" coveredmethods="0"/>
        <line num="1" count="5" type="stmt"/>
        <line num="2" count="5" type="stmt"/>
        <line num="4" count="5" type="cond" truecount="2" falsecount="0"/>
        <line num="6" count="5" type="stmt"/>
      </file>
    </package>
    <package name="back-end-this-one.data.models">
      <metrics statements="44" coveredstatements="29" conditionals="2" coveredconditionals="0" methods="20" coveredmethods="11"/>
      <file name="classroomAdminsModel.js" path="C:\Users\conco\Desktop\LambdaSchool\week15-build\back-end-this-one\data\models\classroomAdminsModel.js">
        <metrics statements="4" coveredstatements="2" conditionals="0" coveredconditionals="0" methods="2" coveredmethods="0"/>
        <line num="1" count="5" type="stmt"/>
        <line num="3" count="5" type="stmt"/>
        <line num="6" count="0" type="stmt"/>
        <line num="9" count="0" type="stmt"/>
      </file>
      <file name="classroomProjectsModel.js" path="C:\Users\conco\Desktop\LambdaSchool\week15-build\back-end-this-one\data\models\classroomProjectsModel.js">
        <metrics statements="4" coveredstatements="2" conditionals="0" coveredconditionals="0" methods="1" coveredmethods="0"/>
        <line num="1" count="5" type="stmt"/>
        <line num="3" count="5" type="stmt"/>
        <line num="6" count="0" type="stmt"/>
        <line num="7" count="0" type="stmt"/>
      </file>
      <file name="classroomsModel.js" path="C:\Users\conco\Desktop\LambdaSchool\week15-build\back-end-this-one\data\models\classroomsModel.js">
        <metrics statements="11" coveredstatements="11" conditionals="0" coveredconditionals="0" methods="5" coveredmethods="5"/>
        <line num="1" count="5" type="stmt"/>
        <line num="3" count="5" type="stmt"/>
        <line num="6" count="10" type="stmt"/>
        <line num="7" count="9" type="stmt"/>
        <line num="8" count="9" type="stmt"/>
        <line num="12" count="9" type="stmt"/>
        <line num="16" count="3" type="stmt"/>
        <line num="20" count="6" type="stmt"/>
        <line num="26" count="4" type="stmt"/>
        <line num="32" count="18" type="stmt"/>
        <line num="33" count="18" type="stmt"/>
      </file>
      <file name="projectMembersModel.js" path="C:\Users\conco\Desktop\LambdaSchool\week15-build\back-end-this-one\data\models\projectMembersModel.js">
        <metrics statements="13" coveredstatements="2" conditionals="2" coveredconditionals="0" methods="6" coveredmethods="0"/>
        <line num="1" count="5" type="stmt"/>
        <line num="3" count="5" type="stmt"/>
        <line num="12" count="0" type="stmt"/>
        <line num="16" count="0" type="stmt"/>
        <line num="22" count="0" type="stmt"/>
        <line num="25" count="0" type="cond" truecount="0" falsecount="2"/>
        <line num="26" count="0" type="stmt"/>
        <line num="30" count="0" type="stmt"/>
        <line num="36" count="0" type="stmt"/>
        <line num="40" count="0" type="stmt"/>
        <line num="50" count="0" type="stmt"/>
        <line num="51" count="0" type="stmt"/>
        <line num="56" count="0" type="stmt"/>
      </file>
      <file name="projectsModel.js" path="C:\Users\conco\Desktop\LambdaSchool\week15-build\back-end-this-one\data\models\projectsModel.js">
        <metrics statements="6" coveredstatements="6" conditionals="0" coveredconditionals="0" methods="3" coveredmethods="3"/>
        <line num="1" count="5" type="stmt"/>
        <line num="3" count="5" type="stmt"/>
        <line num="6" count="5" type="stmt"/>
        <line num="7" count="4" type="stmt"/>
        <line num="11" count="3" type="stmt"/>
        <line num="15" count="8" type="stmt"/>
      </file>
      <file name="rolesModel.js" path="C:\Users\conco\Desktop\LambdaSchool\week15-build\back-end-this-one\data\models\rolesModel.js">
        <metrics statements="6" coveredstatements="6" conditionals="0" coveredconditionals="0" methods="3" coveredmethods="3"/>
        <line num="1" count="5" type="stmt"/>
        <line num="3" count="5" type="stmt"/>
        <line num="6" count="4" type="stmt"/>
        <line num="7" count="3" type="stmt"/>
        <line num="11" count="2" type="stmt"/>
        <line num="15" count="7" type="stmt"/>
      </file>
    </package>
  </project>
</coverage>
