{"C:\\Users\\conco\\Desktop\\LambdaSchool\\week15-build\\back-end-this-one\\knexfile.js": {"path":"C:\\Users\\conco\\Desktop\\LambdaSchool\\week15-build\\back-end-this-one\\knexfile.js","statementMap":{"0":{"start":{"line":2,"column":16},"end":{"line":7,"column":1}},"1":{"start":{"line":8,"column":31},"end":{"line":8,"column":66}},"2":{"start":{"line":10,"column":0},"end":{"line":63,"column":2}},"3":{"start":{"line":25,"column":8},"end":{"line":25,"column":51}},"4":{"start":{"line":44,"column":8},"end":{"line":44,"column":51}},"5":{"start":{"line":59,"column":8},"end":{"line":59,"column":51}}},"fnMap":{"0":{"name":"(anonymous_0)","decl":{"start":{"line":24,"column":19},"end":{"line":24,"column":20}},"loc":{"start":{"line":24,"column":35},"end":{"line":26,"column":7}},"line":24},"1":{"name":"(anonymous_1)","decl":{"start":{"line":43,"column":19},"end":{"line":43,"column":20}},"loc":{"start":{"line":43,"column":35},"end":{"line":45,"column":7}},"line":43},"2":{"name":"(anonymous_2)","decl":{"start":{"line":58,"column":19},"end":{"line":58,"column":20}},"loc":{"start":{"line":58,"column":35},"end":{"line":60,"column":7}},"line":58}},"branchMap":{"0":{"loc":{"start":{"line":8,"column":31},"end":{"line":8,"column":66}},"type":"binary-expr","locations":[{"start":{"line":8,"column":31},"end":{"line":8,"column":55}},{"start":{"line":8,"column":59},"end":{"line":8,"column":66}}],"line":8}},"s":{"0":5,"1":5,"2":5,"3":4,"4":0,"5":0},"f":{"0":4,"1":0,"2":0},"b":{"0":[5,5]},"_coverageSchema":"43e27e138ebf9cfc5966b082cf9a028302ed4184","hash":"c06719e88545b8ca30bdea149332f94154658e64"}
,"C:\\Users\\conco\\Desktop\\LambdaSchool\\week15-build\\back-end-this-one\\api\\server.js": {"path":"C:\\Users\\conco\\Desktop\\LambdaSchool\\week15-build\\back-end-this-one\\api\\server.js","statementMap":{"0":{"start":{"line":1,"column":16},"end":{"line":1,"column":34}},"1":{"start":{"line":2,"column":15},"end":{"line":2,"column":32}},"2":{"start":{"line":3,"column":13},"end":{"line":3,"column":28}},"3":{"start":{"line":6,"column":17},"end":{"line":6,"column":68}},"4":{"start":{"line":9,"column":19},"end":{"line":9,"column":54}},"5":{"start":{"line":10,"column":24},"end":{"line":10,"column":64}},"6":{"start":{"line":11,"column":22},"end":{"line":11,"column":60}},"7":{"start":{"line":12,"column":19},"end":{"line":12,"column":55}},"8":{"start":{"line":13,"column":28},"end":{"line":13,"column":74}},"9":{"start":{"line":15,"column":15},"end":{"line":15,"column":24}},"10":{"start":{"line":17,"column":0},"end":{"line":17,"column":21}},"11":{"start":{"line":18,"column":0},"end":{"line":18,"column":19}},"12":{"start":{"line":19,"column":0},"end":{"line":19,"column":27}},"13":{"start":{"line":21,"column":0},"end":{"line":23,"column":3}},"14":{"start":{"line":22,"column":2},"end":{"line":22,"column":71}},"15":{"start":{"line":26,"column":0},"end":{"line":26,"column":36}},"16":{"start":{"line":27,"column":0},"end":{"line":27,"column":57}},"17":{"start":{"line":28,"column":0},"end":{"line":28,"column":53}},"18":{"start":{"line":29,"column":0},"end":{"line":29,"column":47}},"19":{"start":{"line":30,"column":0},"end":{"line":30,"column":66}},"20":{"start":{"line":31,"column":0},"end":{"line":33,"column":3}},"21":{"start":{"line":32,"column":2},"end":{"line":32,"column":52}},"22":{"start":{"line":35,"column":0},"end":{"line":35,"column":24}}},"fnMap":{"0":{"name":"(anonymous_0)","decl":{"start":{"line":21,"column":16},"end":{"line":21,"column":17}},"loc":{"start":{"line":21,"column":36},"end":{"line":23,"column":1}},"line":21},"1":{"name":"(anonymous_1)","decl":{"start":{"line":31,"column":11},"end":{"line":31,"column":12}},"loc":{"start":{"line":31,"column":30},"end":{"line":33,"column":1}},"line":31}},"branchMap":{},"s":{"0":5,"1":5,"2":5,"3":5,"4":5,"5":5,"6":5,"7":5,"8":5,"9":5,"10":5,"11":5,"12":5,"13":5,"14":3,"15":5,"16":5,"17":5,"18":5,"19":5,"20":5,"21":0,"22":5},"f":{"0":3,"1":0},"b":{},"_coverageSchema":"43e27e138ebf9cfc5966b082cf9a028302ed4184","hash":"356624a4cd6a16e0942a84351d035bc29a36f9f4"}
,"C:\\Users\\conco\\Desktop\\LambdaSchool\\week15-build\\back-end-this-one\\api\\authorization\\authenticate.js": {"path":"C:\\Users\\conco\\Desktop\\LambdaSchool\\week15-build\\back-end-this-one\\api\\authorization\\authenticate.js","statementMap":{"0":{"start":{"line":1,"column":12},"end":{"line":1,"column":35}},"1":{"start":{"line":2,"column":18},"end":{"line":2,"column":52}},"2":{"start":{"line":4,"column":11},"end":{"line":4,"column":44}},"3":{"start":{"line":6,"column":0},"end":{"line":6,"column":45}},"4":{"start":{"line":9,"column":16},"end":{"line":9,"column":43}},"5":{"start":{"line":10,"column":2},"end":{"line":32,"column":3}},"6":{"start":{"line":11,"column":4},"end":{"line":29,"column":7}},"7":{"start":{"line":12,"column":6},"end":{"line":28,"column":7}},"8":{"start":{"line":13,"column":8},"end":{"line":13,"column":75}},"9":{"start":{"line":15,"column":19},"end":{"line":15,"column":39}},"10":{"start":{"line":16,"column":8},"end":{"line":27,"column":13}},"11":{"start":{"line":20,"column":12},"end":{"line":20,"column":28}},"12":{"start":{"line":21,"column":12},"end":{"line":21,"column":19}},"13":{"start":{"line":24,"column":12},"end":{"line":26,"column":73}},"14":{"start":{"line":31,"column":4},"end":{"line":31,"column":71}},"15":{"start":{"line":36,"column":18},"end":{"line":39,"column":3}},"16":{"start":{"line":40,"column":18},"end":{"line":42,"column":3}},"17":{"start":{"line":43,"column":2},"end":{"line":43,"column":47}}},"fnMap":{"0":{"name":"restrict","decl":{"start":{"line":8,"column":9},"end":{"line":8,"column":17}},"loc":{"start":{"line":8,"column":34},"end":{"line":33,"column":1}},"line":8},"1":{"name":"(anonymous_1)","decl":{"start":{"line":11,"column":33},"end":{"line":11,"column":34}},"loc":{"start":{"line":11,"column":58},"end":{"line":29,"column":5}},"line":11},"2":{"name":"(anonymous_2)","decl":{"start":{"line":19,"column":16},"end":{"line":19,"column":17}},"loc":{"start":{"line":19,"column":24},"end":{"line":22,"column":11}},"line":19},"3":{"name":"(anonymous_3)","decl":{"start":{"line":23,"column":17},"end":{"line":23,"column":18}},"loc":{"start":{"line":23,"column":26},"end":{"line":27,"column":11}},"line":23},"4":{"name":"generateToken","decl":{"start":{"line":35,"column":9},"end":{"line":35,"column":22}},"loc":{"start":{"line":35,"column":29},"end":{"line":44,"column":1}},"line":35}},"branchMap":{"0":{"loc":{"start":{"line":2,"column":18},"end":{"line":2,"column":52}},"type":"binary-expr","locations":[{"start":{"line":2,"column":18},"end":{"line":2,"column":40}},{"start":{"line":2,"column":44},"end":{"line":2,"column":52}}],"line":2},"1":{"loc":{"start":{"line":10,"column":2},"end":{"line":32,"column":3}},"type":"if","locations":[{"start":{"line":10,"column":2},"end":{"line":32,"column":3}},{"start":{"line":10,"column":2},"end":{"line":32,"column":3}}],"line":10},"2":{"loc":{"start":{"line":12,"column":6},"end":{"line":28,"column":7}},"type":"if","locations":[{"start":{"line":12,"column":6},"end":{"line":28,"column":7}},{"start":{"line":12,"column":6},"end":{"line":28,"column":7}}],"line":12}},"s":{"0":5,"1":5,"2":5,"3":5,"4":40,"5":40,"6":40,"7":40,"8":0,"9":40,"10":40,"11":40,"12":40,"13":0,"14":0,"15":20,"16":20,"17":20},"f":{"0":40,"1":40,"2":40,"3":0,"4":20},"b":{"0":[5,5],"1":[40,0],"2":[0,40]},"_coverageSchema":"43e27e138ebf9cfc5966b082cf9a028302ed4184","hash":"0547c2c447fd329da8b2fadfc9332f9c2c1c900d"}
,"C:\\Users\\conco\\Desktop\\LambdaSchool\\week15-build\\back-end-this-one\\api\\routers\\auth-router.js": {"path":"C:\\Users\\conco\\Desktop\\LambdaSchool\\week15-build\\back-end-this-one\\api\\routers\\auth-router.js","statementMap":{"0":{"start":{"line":1,"column":15},"end":{"line":1,"column":42}},"1":{"start":{"line":2,"column":15},"end":{"line":2,"column":34}},"2":{"start":{"line":4,"column":22},"end":{"line":4,"column":79}},"3":{"start":{"line":6,"column":11},"end":{"line":6,"column":44}},"4":{"start":{"line":54,"column":0},"end":{"line":97,"column":3}},"5":{"start":{"line":55,"column":48},"end":{"line":55,"column":56}},"6":{"start":{"line":57,"column":2},"end":{"line":96,"column":3}},"7":{"start":{"line":58,"column":4},"end":{"line":87,"column":5}},"8":{"start":{"line":59,"column":19},"end":{"line":59,"column":48}},"9":{"start":{"line":60,"column":6},"end":{"line":60,"column":22}},"10":{"start":{"line":62,"column":19},"end":{"line":67,"column":8}},"11":{"start":{"line":68,"column":19},"end":{"line":70,"column":16}},"12":{"start":{"line":71,"column":20},"end":{"line":71,"column":39}},"13":{"start":{"line":72,"column":24},"end":{"line":74,"column":16}},"14":{"start":{"line":76,"column":6},"end":{"line":82,"column":9}},"15":{"start":{"line":84,"column":6},"end":{"line":86,"column":9}},"16":{"start":{"line":89,"column":4},"end":{"line":95,"column":5}},"17":{"start":{"line":90,"column":6},"end":{"line":92,"column":9}},"18":{"start":{"line":94,"column":6},"end":{"line":94,"column":34}},"19":{"start":{"line":140,"column":0},"end":{"line":174,"column":3}},"20":{"start":{"line":141,"column":28},"end":{"line":141,"column":36}},"21":{"start":{"line":143,"column":2},"end":{"line":173,"column":3}},"22":{"start":{"line":144,"column":4},"end":{"line":170,"column":5}},"23":{"start":{"line":145,"column":19},"end":{"line":147,"column":16}},"24":{"start":{"line":149,"column":6},"end":{"line":165,"column":7}},"25":{"start":{"line":150,"column":22},"end":{"line":150,"column":41}},"26":{"start":{"line":151,"column":26},"end":{"line":153,"column":18}},"27":{"start":{"line":154,"column":8},"end":{"line":160,"column":11}},"28":{"start":{"line":162,"column":8},"end":{"line":164,"column":11}},"29":{"start":{"line":167,"column":6},"end":{"line":169,"column":9}},"30":{"start":{"line":172,"column":4},"end":{"line":172,"column":32}},"31":{"start":{"line":176,"column":0},"end":{"line":176,"column":24}}},"fnMap":{"0":{"name":"(anonymous_0)","decl":{"start":{"line":54,"column":25},"end":{"line":54,"column":26}},"loc":{"start":{"line":54,"column":45},"end":{"line":97,"column":1}},"line":54},"1":{"name":"(anonymous_1)","decl":{"start":{"line":140,"column":21},"end":{"line":140,"column":22}},"loc":{"start":{"line":140,"column":41},"end":{"line":174,"column":1}},"line":140}},"branchMap":{"0":{"loc":{"start":{"line":58,"column":4},"end":{"line":87,"column":5}},"type":"if","locations":[{"start":{"line":58,"column":4},"end":{"line":87,"column":5}},{"start":{"line":58,"column":4},"end":{"line":87,"column":5}}],"line":58},"1":{"loc":{"start":{"line":58,"column":8},"end":{"line":58,"column":49}},"type":"binary-expr","locations":[{"start":{"line":58,"column":8},"end":{"line":58,"column":12}},{"start":{"line":58,"column":16},"end":{"line":58,"column":21}},{"start":{"line":58,"column":25},"end":{"line":58,"column":33}},{"start":{"line":58,"column":37},"end":{"line":58,"column":49}}],"line":58},"2":{"loc":{"start":{"line":89,"column":4},"end":{"line":95,"column":5}},"type":"if","locations":[{"start":{"line":89,"column":4},"end":{"line":95,"column":5}},{"start":{"line":89,"column":4},"end":{"line":95,"column":5}}],"line":89},"3":{"loc":{"start":{"line":144,"column":4},"end":{"line":170,"column":5}},"type":"if","locations":[{"start":{"line":144,"column":4},"end":{"line":170,"column":5}},{"start":{"line":144,"column":4},"end":{"line":170,"column":5}}],"line":144},"4":{"loc":{"start":{"line":144,"column":8},"end":{"line":144,"column":25}},"type":"binary-expr","locations":[{"start":{"line":144,"column":8},"end":{"line":144,"column":13}},{"start":{"line":144,"column":17},"end":{"line":144,"column":25}}],"line":144},"5":{"loc":{"start":{"line":149,"column":6},"end":{"line":165,"column":7}},"type":"if","locations":[{"start":{"line":149,"column":6},"end":{"line":165,"column":7}},{"start":{"line":149,"column":6},"end":{"line":165,"column":7}}],"line":149},"6":{"loc":{"start":{"line":149,"column":10},"end":{"line":149,"column":61}},"type":"binary-expr","locations":[{"start":{"line":149,"column":10},"end":{"line":149,"column":14}},{"start":{"line":149,"column":18},"end":{"line":149,"column":61}}],"line":149}},"s":{"0":5,"1":5,"2":5,"3":5,"4":5,"5":23,"6":23,"7":23,"8":16,"9":16,"10":16,"11":14,"12":14,"13":14,"14":14,"15":7,"16":2,"17":2,"18":0,"19":5,"20":15,"21":15,"22":15,"23":9,"24":9,"25":6,"26":6,"27":6,"28":3,"29":6,"30":0,"31":5},"f":{"0":23,"1":15},"b":{"0":[16,7],"1":[23,19,18,17],"2":[2,0],"3":[9,6],"4":[15,12],"5":[6,3],"6":[9,9]},"_coverageSchema":"43e27e138ebf9cfc5966b082cf9a028302ed4184","hash":"fda31b9cbacf5de3f8ece9d74aa417e5bf8e9cda"}
,"C:\\Users\\conco\\Desktop\\LambdaSchool\\week15-build\\back-end-this-one\\api\\routers\\classroom-router.js": {"path":"C:\\Users\\conco\\Desktop\\LambdaSchool\\week15-build\\back-end-this-one\\api\\routers\\classroom-router.js","statementMap":{"0":{"start":{"line":1,"column":15},"end":{"line":1,"column":42}},"1":{"start":{"line":3,"column":19},"end":{"line":3,"column":66}},"2":{"start":{"line":4,"column":26},"end":{"line":4,"column":77}},"3":{"start":{"line":5,"column":22},"end":{"line":5,"column":70}},"4":{"start":{"line":6,"column":23},"end":{"line":6,"column":72}},"5":{"start":{"line":44,"column":0},"end":{"line":64,"column":3}},"6":{"start":{"line":45,"column":19},"end":{"line":45,"column":27}},"7":{"start":{"line":46,"column":18},"end":{"line":46,"column":29}},"8":{"start":{"line":47,"column":2},"end":{"line":63,"column":3}},"9":{"start":{"line":48,"column":4},"end":{"line":58,"column":9}},"10":{"start":{"line":50,"column":8},"end":{"line":50,"column":40}},"11":{"start":{"line":53,"column":8},"end":{"line":57,"column":9}},"12":{"start":{"line":54,"column":10},"end":{"line":54,"column":71}},"13":{"start":{"line":56,"column":10},"end":{"line":56,"column":67}},"14":{"start":{"line":60,"column":4},"end":{"line":62,"column":7}},"15":{"start":{"line":91,"column":0},"end":{"line":107,"column":3}},"16":{"start":{"line":92,"column":25},"end":{"line":92,"column":33}},"17":{"start":{"line":93,"column":23},"end":{"line":93,"column":36}},"18":{"start":{"line":94,"column":2},"end":{"line":106,"column":3}},"19":{"start":{"line":95,"column":4},"end":{"line":103,"column":9}},"20":{"start":{"line":97,"column":8},"end":{"line":97,"column":47}},"21":{"start":{"line":102,"column":8},"end":{"line":102,"column":45}},"22":{"start":{"line":105,"column":4},"end":{"line":105,"column":48}},"23":{"start":{"line":141,"column":0},"end":{"line":175,"column":2}},"24":{"start":{"line":144,"column":20},"end":{"line":144,"column":36}},"25":{"start":{"line":145,"column":33},"end":{"line":145,"column":68}},"26":{"start":{"line":146,"column":25},"end":{"line":146,"column":42}},"27":{"start":{"line":149,"column":4},"end":{"line":155,"column":5}},"28":{"start":{"line":150,"column":6},"end":{"line":152,"column":8}},"29":{"start":{"line":154,"column":6},"end":{"line":154,"column":63}},"30":{"start":{"line":156,"column":4},"end":{"line":173,"column":5}},"31":{"start":{"line":157,"column":6},"end":{"line":159,"column":9}},"32":{"start":{"line":160,"column":11},"end":{"line":173,"column":5}},"33":{"start":{"line":161,"column":6},"end":{"line":170,"column":11}},"34":{"start":{"line":163,"column":10},"end":{"line":163,"column":46}},"35":{"start":{"line":166,"column":10},"end":{"line":169,"column":13}},"36":{"start":{"line":172,"column":6},"end":{"line":172,"column":50}},"37":{"start":{"line":198,"column":0},"end":{"line":206,"column":3}},"38":{"start":{"line":199,"column":2},"end":{"line":205,"column":3}},"39":{"start":{"line":200,"column":26},"end":{"line":200,"column":51}},"40":{"start":{"line":202,"column":4},"end":{"line":202,"column":40}},"41":{"start":{"line":204,"column":4},"end":{"line":204,"column":61}},"42":{"start":{"line":230,"column":0},"end":{"line":242,"column":3}},"43":{"start":{"line":231,"column":2},"end":{"line":241,"column":3}},"44":{"start":{"line":232,"column":22},"end":{"line":232,"column":61}},"45":{"start":{"line":234,"column":4},"end":{"line":238,"column":5}},"46":{"start":{"line":235,"column":6},"end":{"line":235,"column":38}},"47":{"start":{"line":237,"column":6},"end":{"line":237,"column":63}},"48":{"start":{"line":240,"column":4},"end":{"line":240,"column":61}},"49":{"start":{"line":275,"column":0},"end":{"line":295,"column":3}},"50":{"start":{"line":276,"column":2},"end":{"line":294,"column":3}},"51":{"start":{"line":277,"column":4},"end":{"line":291,"column":5}},"52":{"start":{"line":278,"column":31},"end":{"line":278,"column":79}},"53":{"start":{"line":280,"column":6},"end":{"line":286,"column":7}},"54":{"start":{"line":281,"column":26},"end":{"line":281,"column":65}},"55":{"start":{"line":283,"column":8},"end":{"line":283,"column":40}},"56":{"start":{"line":285,"column":8},"end":{"line":285,"column":65}},"57":{"start":{"line":288,"column":6},"end":{"line":290,"column":9}},"58":{"start":{"line":293,"column":4},"end":{"line":293,"column":61}},"59":{"start":{"line":297,"column":0},"end":{"line":297,"column":40}},"60":{"start":{"line":299,"column":0},"end":{"line":299,"column":24}}},"fnMap":{"0":{"name":"(anonymous_0)","decl":{"start":{"line":44,"column":17},"end":{"line":44,"column":18}},"loc":{"start":{"line":44,"column":31},"end":{"line":64,"column":1}},"line":44},"1":{"name":"(anonymous_1)","decl":{"start":{"line":49,"column":12},"end":{"line":49,"column":13}},"loc":{"start":{"line":49,"column":25},"end":{"line":51,"column":7}},"line":49},"2":{"name":"(anonymous_2)","decl":{"start":{"line":52,"column":13},"end":{"line":52,"column":14}},"loc":{"start":{"line":52,"column":22},"end":{"line":58,"column":7}},"line":52},"3":{"name":"(anonymous_3)","decl":{"start":{"line":91,"column":29},"end":{"line":91,"column":30}},"loc":{"start":{"line":91,"column":43},"end":{"line":107,"column":1}},"line":91},"4":{"name":"(anonymous_4)","decl":{"start":{"line":96,"column":12},"end":{"line":96,"column":13}},"loc":{"start":{"line":96,"column":32},"end":{"line":98,"column":7}},"line":96},"5":{"name":"(anonymous_5)","decl":{"start":{"line":99,"column":13},"end":{"line":99,"column":14}},"loc":{"start":{"line":99,"column":22},"end":{"line":103,"column":7}},"line":99},"6":{"name":"(anonymous_6)","decl":{"start":{"line":143,"column":2},"end":{"line":143,"column":3}},"loc":{"start":{"line":143,"column":22},"end":{"line":174,"column":3}},"line":143},"7":{"name":"(anonymous_7)","decl":{"start":{"line":162,"column":14},"end":{"line":162,"column":15}},"loc":{"start":{"line":162,"column":31},"end":{"line":164,"column":9}},"line":162},"8":{"name":"(anonymous_8)","decl":{"start":{"line":165,"column":15},"end":{"line":165,"column":16}},"loc":{"start":{"line":165,"column":24},"end":{"line":170,"column":9}},"line":165},"9":{"name":"(anonymous_9)","decl":{"start":{"line":198,"column":16},"end":{"line":198,"column":17}},"loc":{"start":{"line":198,"column":36},"end":{"line":206,"column":1}},"line":198},"10":{"name":"(anonymous_10)","decl":{"start":{"line":230,"column":19},"end":{"line":230,"column":20}},"loc":{"start":{"line":230,"column":39},"end":{"line":242,"column":1}},"line":230},"11":{"name":"(anonymous_11)","decl":{"start":{"line":275,"column":19},"end":{"line":275,"column":20}},"loc":{"start":{"line":275,"column":39},"end":{"line":295,"column":1}},"line":275},"12":{"name":"(anonymous_12)","decl":{"start":{"line":297,"column":22},"end":{"line":297,"column":23}},"loc":{"start":{"line":297,"column":36},"end":{"line":297,"column":38}},"line":297}},"branchMap":{"0":{"loc":{"start":{"line":47,"column":2},"end":{"line":63,"column":3}},"type":"if","locations":[{"start":{"line":47,"column":2},"end":{"line":63,"column":3}},{"start":{"line":47,"column":2},"end":{"line":63,"column":3}}],"line":47},"1":{"loc":{"start":{"line":53,"column":8},"end":{"line":57,"column":9}},"type":"if","locations":[{"start":{"line":53,"column":8},"end":{"line":57,"column":9}},{"start":{"line":53,"column":8},"end":{"line":57,"column":9}}],"line":53},"2":{"loc":{"start":{"line":94,"column":2},"end":{"line":106,"column":3}},"type":"if","locations":[{"start":{"line":94,"column":2},"end":{"line":106,"column":3}},{"start":{"line":94,"column":2},"end":{"line":106,"column":3}}],"line":94},"3":{"loc":{"start":{"line":94,"column":6},"end":{"line":94,"column":32}},"type":"binary-expr","locations":[{"start":{"line":94,"column":6},"end":{"line":94,"column":16}},{"start":{"line":94,"column":20},"end":{"line":94,"column":32}}],"line":94},"4":{"loc":{"start":{"line":156,"column":4},"end":{"line":173,"column":5}},"type":"if","locations":[{"start":{"line":156,"column":4},"end":{"line":173,"column":5}},{"start":{"line":156,"column":4},"end":{"line":173,"column":5}}],"line":156},"5":{"loc":{"start":{"line":160,"column":11},"end":{"line":173,"column":5}},"type":"if","locations":[{"start":{"line":160,"column":11},"end":{"line":173,"column":5}},{"start":{"line":160,"column":11},"end":{"line":173,"column":5}}],"line":160},"6":{"loc":{"start":{"line":160,"column":15},"end":{"line":160,"column":46}},"type":"binary-expr","locations":[{"start":{"line":160,"column":15},"end":{"line":160,"column":22}},{"start":{"line":160,"column":26},"end":{"line":160,"column":46}}],"line":160},"7":{"loc":{"start":{"line":234,"column":4},"end":{"line":238,"column":5}},"type":"if","locations":[{"start":{"line":234,"column":4},"end":{"line":238,"column":5}},{"start":{"line":234,"column":4},"end":{"line":238,"column":5}}],"line":234},"8":{"loc":{"start":{"line":277,"column":4},"end":{"line":291,"column":5}},"type":"if","locations":[{"start":{"line":277,"column":4},"end":{"line":291,"column":5}},{"start":{"line":277,"column":4},"end":{"line":291,"column":5}}],"line":277},"9":{"loc":{"start":{"line":280,"column":6},"end":{"line":286,"column":7}},"type":"if","locations":[{"start":{"line":280,"column":6},"end":{"line":286,"column":7}},{"start":{"line":280,"column":6},"end":{"line":286,"column":7}}],"line":280}},"s":{"0":5,"1":5,"2":5,"3":5,"4":5,"5":5,"6":11,"7":11,"8":11,"9":10,"10":9,"11":1,"12":1,"13":0,"14":1,"15":5,"16":0,"17":0,"18":0,"19":0,"20":0,"21":0,"22":0,"23":5,"24":0,"25":0,"26":0,"27":0,"28":0,"29":0,"30":0,"31":0,"32":0,"33":0,"34":0,"35":0,"36":0,"37":5,"38":3,"39":3,"40":3,"41":0,"42":5,"43":4,"44":4,"45":4,"46":2,"47":2,"48":0,"49":5,"50":6,"51":6,"52":4,"53":4,"54":2,"55":2,"56":2,"57":2,"58":0,"59":5,"60":5},"f":{"0":11,"1":9,"2":1,"3":0,"4":0,"5":0,"6":0,"7":0,"8":0,"9":3,"10":4,"11":6,"12":0},"b":{"0":[10,1],"1":[1,0],"2":[0,0],"3":[0,0],"4":[0,0],"5":[0,0],"6":[0,0],"7":[2,2],"8":[4,2],"9":[2,2]},"_coverageSchema":"43e27e138ebf9cfc5966b082cf9a028302ed4184","hash":"c61dc7df94fff74afe0695df3c76dee7bcf7ae45"}
,"C:\\Users\\conco\\Desktop\\LambdaSchool\\week15-build\\back-end-this-one\\api\\routers\\project-router.js": {"path":"C:\\Users\\conco\\Desktop\\LambdaSchool\\week15-build\\back-end-this-one\\api\\routers\\project-router.js","statementMap":{"0":{"start":{"line":1,"column":15},"end":{"line":1,"column":42}},"1":{"start":{"line":3,"column":17},"end":{"line":3,"column":62}},"2":{"start":{"line":43,"column":0},"end":{"line":62,"column":3}},"3":{"start":{"line":44,"column":32},"end":{"line":44,"column":40}},"4":{"start":{"line":45,"column":2},"end":{"line":61,"column":3}},"5":{"start":{"line":46,"column":4},"end":{"line":56,"column":9}},"6":{"start":{"line":48,"column":8},"end":{"line":48,"column":56}},"7":{"start":{"line":51,"column":8},"end":{"line":55,"column":9}},"8":{"start":{"line":52,"column":10},"end":{"line":52,"column":70}},"9":{"start":{"line":54,"column":10},"end":{"line":54,"column":67}},"10":{"start":{"line":58,"column":4},"end":{"line":60,"column":7}},"11":{"start":{"line":95,"column":0},"end":{"line":103,"column":3}},"12":{"start":{"line":96,"column":2},"end":{"line":102,"column":7}},"13":{"start":{"line":98,"column":6},"end":{"line":98,"column":37}},"14":{"start":{"line":101,"column":6},"end":{"line":101,"column":63}},"15":{"start":{"line":105,"column":0},"end":{"line":105,"column":24}}},"fnMap":{"0":{"name":"(anonymous_0)","decl":{"start":{"line":43,"column":17},"end":{"line":43,"column":18}},"loc":{"start":{"line":43,"column":31},"end":{"line":62,"column":1}},"line":43},"1":{"name":"(anonymous_1)","decl":{"start":{"line":47,"column":12},"end":{"line":47,"column":13}},"loc":{"start":{"line":47,"column":18},"end":{"line":49,"column":7}},"line":47},"2":{"name":"(anonymous_2)","decl":{"start":{"line":50,"column":13},"end":{"line":50,"column":14}},"loc":{"start":{"line":50,"column":22},"end":{"line":56,"column":7}},"line":50},"3":{"name":"(anonymous_3)","decl":{"start":{"line":95,"column":16},"end":{"line":95,"column":17}},"loc":{"start":{"line":95,"column":30},"end":{"line":103,"column":1}},"line":95},"4":{"name":"(anonymous_4)","decl":{"start":{"line":97,"column":10},"end":{"line":97,"column":11}},"loc":{"start":{"line":97,"column":22},"end":{"line":99,"column":5}},"line":97},"5":{"name":"(anonymous_5)","decl":{"start":{"line":100,"column":11},"end":{"line":100,"column":12}},"loc":{"start":{"line":100,"column":20},"end":{"line":102,"column":5}},"line":100}},"branchMap":{"0":{"loc":{"start":{"line":45,"column":2},"end":{"line":61,"column":3}},"type":"if","locations":[{"start":{"line":45,"column":2},"end":{"line":61,"column":3}},{"start":{"line":45,"column":2},"end":{"line":61,"column":3}}],"line":45},"1":{"loc":{"start":{"line":45,"column":6},"end":{"line":45,"column":25}},"type":"binary-expr","locations":[{"start":{"line":45,"column":6},"end":{"line":45,"column":10}},{"start":{"line":45,"column":14},"end":{"line":45,"column":25}}],"line":45},"2":{"loc":{"start":{"line":51,"column":8},"end":{"line":55,"column":9}},"type":"if","locations":[{"start":{"line":51,"column":8},"end":{"line":55,"column":9}},{"start":{"line":51,"column":8},"end":{"line":55,"column":9}}],"line":51}},"s":{"0":5,"1":5,"2":5,"3":6,"4":6,"5":5,"6":4,"7":1,"8":1,"9":0,"10":1,"11":5,"12":3,"13":3,"14":0,"15":5},"f":{"0":6,"1":4,"2":1,"3":3,"4":3,"5":0},"b":{"0":[5,1],"1":[6,5],"2":[1,0]},"_coverageSchema":"43e27e138ebf9cfc5966b082cf9a028302ed4184","hash":"10f9bc71f385158593a33d7a471a47f7b0e29297"}
,"C:\\Users\\conco\\Desktop\\LambdaSchool\\week15-build\\back-end-this-one\\api\\routers\\project_members-router.js": {"path":"C:\\Users\\conco\\Desktop\\LambdaSchool\\week15-build\\back-end-this-one\\api\\routers\\project_members-router.js","statementMap":{"0":{"start":{"line":1,"column":15},"end":{"line":1,"column":42}},"1":{"start":{"line":3,"column":22},"end":{"line":3,"column":70}},"2":{"start":{"line":60,"column":0},"end":{"line":98,"column":3}},"3":{"start":{"line":61,"column":18},"end":{"line":61,"column":34}},"4":{"start":{"line":62,"column":28},"end":{"line":62,"column":45}},"5":{"start":{"line":65,"column":2},"end":{"line":72,"column":3}},"6":{"start":{"line":67,"column":4},"end":{"line":69,"column":6}},"7":{"start":{"line":71,"column":4},"end":{"line":71,"column":61}},"8":{"start":{"line":73,"column":2},"end":{"line":97,"column":3}},"9":{"start":{"line":74,"column":4},"end":{"line":76,"column":7}},"10":{"start":{"line":78,"column":9},"end":{"line":97,"column":3}},"11":{"start":{"line":79,"column":4},"end":{"line":94,"column":9}},"12":{"start":{"line":81,"column":8},"end":{"line":87,"column":9}},"13":{"start":{"line":82,"column":10},"end":{"line":84,"column":74}},"14":{"start":{"line":86,"column":10},"end":{"line":86,"column":46}},"15":{"start":{"line":90,"column":8},"end":{"line":93,"column":11}},"16":{"start":{"line":96,"column":4},"end":{"line":96,"column":48}},"17":{"start":{"line":100,"column":0},"end":{"line":100,"column":24}}},"fnMap":{"0":{"name":"(anonymous_0)","decl":{"start":{"line":60,"column":19},"end":{"line":60,"column":20}},"loc":{"start":{"line":60,"column":39},"end":{"line":98,"column":1}},"line":60},"1":{"name":"(anonymous_1)","decl":{"start":{"line":80,"column":12},"end":{"line":80,"column":13}},"loc":{"start":{"line":80,"column":29},"end":{"line":88,"column":7}},"line":80},"2":{"name":"(anonymous_2)","decl":{"start":{"line":89,"column":13},"end":{"line":89,"column":14}},"loc":{"start":{"line":89,"column":22},"end":{"line":94,"column":7}},"line":89}},"branchMap":{"0":{"loc":{"start":{"line":73,"column":2},"end":{"line":97,"column":3}},"type":"if","locations":[{"start":{"line":73,"column":2},"end":{"line":97,"column":3}},{"start":{"line":73,"column":2},"end":{"line":97,"column":3}}],"line":73},"1":{"loc":{"start":{"line":78,"column":9},"end":{"line":97,"column":3}},"type":"if","locations":[{"start":{"line":78,"column":9},"end":{"line":97,"column":3}},{"start":{"line":78,"column":9},"end":{"line":97,"column":3}}],"line":78},"2":{"loc":{"start":{"line":78,"column":13},"end":{"line":78,"column":40}},"type":"binary-expr","locations":[{"start":{"line":78,"column":13},"end":{"line":78,"column":20}},{"start":{"line":78,"column":24},"end":{"line":78,"column":40}}],"line":78},"3":{"loc":{"start":{"line":81,"column":8},"end":{"line":87,"column":9}},"type":"if","locations":[{"start":{"line":81,"column":8},"end":{"line":87,"column":9}},{"start":{"line":81,"column":8},"end":{"line":87,"column":9}}],"line":81}},"s":{"0":5,"1":5,"2":5,"3":0,"4":0,"5":0,"6":0,"7":0,"8":0,"9":0,"10":0,"11":0,"12":0,"13":0,"14":0,"15":0,"16":0,"17":5},"f":{"0":0,"1":0,"2":0},"b":{"0":[0,0],"1":[0,0],"2":[0,0],"3":[0,0]},"_coverageSchema":"43e27e138ebf9cfc5966b082cf9a028302ed4184","hash":"ef913a5a0c9f1749f30e1e832ed4abc79817b2e3"}
,"C:\\Users\\conco\\Desktop\\LambdaSchool\\week15-build\\back-end-this-one\\api\\routers\\roles-router.js": {"path":"C:\\Users\\conco\\Desktop\\LambdaSchool\\week15-build\\back-end-this-one\\api\\routers\\roles-router.js","statementMap":{"0":{"start":{"line":1,"column":15},"end":{"line":1,"column":42}},"1":{"start":{"line":2,"column":14},"end":{"line":2,"column":56}},"2":{"start":{"line":38,"column":0},"end":{"line":57,"column":3}},"3":{"start":{"line":39,"column":15},"end":{"line":39,"column":28}},"4":{"start":{"line":40,"column":2},"end":{"line":56,"column":3}},"5":{"start":{"line":41,"column":4},"end":{"line":51,"column":9}},"6":{"start":{"line":43,"column":8},"end":{"line":43,"column":43}},"7":{"start":{"line":46,"column":8},"end":{"line":50,"column":9}},"8":{"start":{"line":47,"column":10},"end":{"line":47,"column":67}},"9":{"start":{"line":49,"column":10},"end":{"line":49,"column":67}},"10":{"start":{"line":53,"column":4},"end":{"line":55,"column":7}},"11":{"start":{"line":79,"column":0},"end":{"line":87,"column":3}},"12":{"start":{"line":80,"column":2},"end":{"line":86,"column":7}},"13":{"start":{"line":82,"column":6},"end":{"line":82,"column":34}},"14":{"start":{"line":85,"column":6},"end":{"line":85,"column":63}},"15":{"start":{"line":89,"column":0},"end":{"line":89,"column":24}}},"fnMap":{"0":{"name":"(anonymous_0)","decl":{"start":{"line":38,"column":17},"end":{"line":38,"column":18}},"loc":{"start":{"line":38,"column":31},"end":{"line":57,"column":1}},"line":38},"1":{"name":"(anonymous_1)","decl":{"start":{"line":42,"column":12},"end":{"line":42,"column":13}},"loc":{"start":{"line":42,"column":18},"end":{"line":44,"column":7}},"line":42},"2":{"name":"(anonymous_2)","decl":{"start":{"line":45,"column":13},"end":{"line":45,"column":14}},"loc":{"start":{"line":45,"column":22},"end":{"line":51,"column":7}},"line":45},"3":{"name":"(anonymous_3)","decl":{"start":{"line":79,"column":16},"end":{"line":79,"column":17}},"loc":{"start":{"line":79,"column":30},"end":{"line":87,"column":1}},"line":79},"4":{"name":"(anonymous_4)","decl":{"start":{"line":81,"column":10},"end":{"line":81,"column":11}},"loc":{"start":{"line":81,"column":19},"end":{"line":83,"column":5}},"line":81},"5":{"name":"(anonymous_5)","decl":{"start":{"line":84,"column":11},"end":{"line":84,"column":12}},"loc":{"start":{"line":84,"column":20},"end":{"line":86,"column":5}},"line":84}},"branchMap":{"0":{"loc":{"start":{"line":40,"column":2},"end":{"line":56,"column":3}},"type":"if","locations":[{"start":{"line":40,"column":2},"end":{"line":56,"column":3}},{"start":{"line":40,"column":2},"end":{"line":56,"column":3}}],"line":40},"1":{"loc":{"start":{"line":46,"column":8},"end":{"line":50,"column":9}},"type":"if","locations":[{"start":{"line":46,"column":8},"end":{"line":50,"column":9}},{"start":{"line":46,"column":8},"end":{"line":50,"column":9}}],"line":46}},"s":{"0":5,"1":5,"2":5,"3":5,"4":5,"5":4,"6":3,"7":1,"8":1,"9":0,"10":1,"11":5,"12":2,"13":2,"14":0,"15":5},"f":{"0":5,"1":3,"2":1,"3":2,"4":2,"5":0},"b":{"0":[4,1],"1":[1,0]},"_coverageSchema":"43e27e138ebf9cfc5966b082cf9a028302ed4184","hash":"0f53f4c3e628a1084cdb189c3f896788ac82dd02"}
,"C:\\Users\\conco\\Desktop\\LambdaSchool\\week15-build\\back-end-this-one\\data\\dbConfig.js": {"path":"C:\\Users\\conco\\Desktop\\LambdaSchool\\week15-build\\back-end-this-one\\data\\dbConfig.js","statementMap":{"0":{"start":{"line":1,"column":13},"end":{"line":1,"column":28}},"1":{"start":{"line":2,"column":15},"end":{"line":2,"column":40}},"2":{"start":{"line":4,"column":14},"end":{"line":4,"column":49}},"3":{"start":{"line":6,"column":0},"end":{"line":6,"column":37}}},"fnMap":{},"branchMap":{"0":{"loc":{"start":{"line":4,"column":14},"end":{"line":4,"column":49}},"type":"binary-expr","locations":[{"start":{"line":4,"column":14},"end":{"line":4,"column":32}},{"start":{"line":4,"column":36},"end":{"line":4,"column":49}}],"line":4}},"s":{"0":5,"1":5,"2":5,"3":5},"f":{},"b":{"0":[5,5]},"_coverageSchema":"43e27e138ebf9cfc5966b082cf9a028302ed4184","hash":"0c705476e47587494e3ce79a926217e0836aaaee"}
,"C:\\Users\\conco\\Desktop\\LambdaSchool\\week15-build\\back-end-this-one\\data\\models\\classroomAdminsModel.js": {"path":"C:\\Users\\conco\\Desktop\\LambdaSchool\\week15-build\\back-end-this-one\\data\\models\\classroomAdminsModel.js","statementMap":{"0":{"start":{"line":1,"column":11},"end":{"line":1,"column":33}},"1":{"start":{"line":3,"column":0},"end":{"line":3,"column":44}},"2":{"start":{"line":6,"column":24},"end":{"line":8,"column":28}},"3":{"start":{"line":9,"column":2},"end":{"line":9,"column":51}},"4":{"start":{"line":9,"column":36},"end":{"line":9,"column":49}}},"fnMap":{"0":{"name":"getAdminsByClassRoomId","decl":{"start":{"line":5,"column":15},"end":{"line":5,"column":37}},"loc":{"start":{"line":5,"column":52},"end":{"line":10,"column":1}},"line":5},"1":{"name":"(anonymous_1)","decl":{"start":{"line":9,"column":27},"end":{"line":9,"column":28}},"loc":{"start":{"line":9,"column":36},"end":{"line":9,"column":49}},"line":9}},"branchMap":{},"s":{"0":5,"1":5,"2":0,"3":0,"4":0},"f":{"0":0,"1":0},"b":{},"_coverageSchema":"43e27e138ebf9cfc5966b082cf9a028302ed4184","hash":"4ce0471914f472b4c7213ae459732da35f42f1f6"}
,"C:\\Users\\conco\\Desktop\\LambdaSchool\\week15-build\\back-end-this-one\\data\\models\\classroomProjectsModel.js": {"path":"C:\\Users\\conco\\Desktop\\LambdaSchool\\week15-build\\back-end-this-one\\data\\models\\classroomProjectsModel.js","statementMap":{"0":{"start":{"line":1,"column":11},"end":{"line":1,"column":33}},"1":{"start":{"line":3,"column":0},"end":{"line":3,"column":28}},"2":{"start":{"line":6,"column":15},"end":{"line":6,"column":76}},"3":{"start":{"line":7,"column":2},"end":{"line":7,"column":42}}},"fnMap":{"0":{"name":"create","decl":{"start":{"line":5,"column":15},"end":{"line":5,"column":21}},"loc":{"start":{"line":5,"column":48},"end":{"line":8,"column":1}},"line":5}},"branchMap":{},"s":{"0":5,"1":5,"2":0,"3":0},"f":{"0":0},"b":{},"_coverageSchema":"43e27e138ebf9cfc5966b082cf9a028302ed4184","hash":"ccfa8855b152d53b0646a9a49812d9c51ceaaa56"}
,"C:\\Users\\conco\\Desktop\\LambdaSchool\\week15-build\\back-end-this-one\\data\\models\\classroomsModel.js": {"path":"C:\\Users\\conco\\Desktop\\LambdaSchool\\week15-build\\back-end-this-one\\data\\models\\classroomsModel.js","statementMap":{"0":{"start":{"line":1,"column":11},"end":{"line":1,"column":33}},"1":{"start":{"line":3,"column":0},"end":{"line":3,"column":60}},"2":{"start":{"line":6,"column":24},"end":{"line":6,"column":63}},"3":{"start":{"line":7,"column":23},"end":{"line":7,"column":39}},"4":{"start":{"line":8,"column":35},"end":{"line":11,"column":4}},"5":{"start":{"line":12,"column":2},"end":{"line":12,"column":62}},"6":{"start":{"line":16,"column":2},"end":{"line":16,"column":31}},"7":{"start":{"line":20,"column":2},"end":{"line":22,"column":13}},"8":{"start":{"line":26,"column":2},"end":{"line":28,"column":21}},"9":{"start":{"line":32,"column":2},"end":{"line":32,"column":42}},"10":{"start":{"line":33,"column":2},"end":{"line":33,"column":36}}},"fnMap":{"0":{"name":"create","decl":{"start":{"line":5,"column":15},"end":{"line":5,"column":21}},"loc":{"start":{"line":5,"column":37},"end":{"line":13,"column":1}},"line":5},"1":{"name":"getAll","decl":{"start":{"line":15,"column":15},"end":{"line":15,"column":21}},"loc":{"start":{"line":15,"column":24},"end":{"line":17,"column":1}},"line":15},"2":{"name":"getById","decl":{"start":{"line":19,"column":15},"end":{"line":19,"column":22}},"loc":{"start":{"line":19,"column":27},"end":{"line":23,"column":1}},"line":19},"3":{"name":"update","decl":{"start":{"line":25,"column":15},"end":{"line":25,"column":21}},"loc":{"start":{"line":25,"column":35},"end":{"line":29,"column":1}},"line":25},"4":{"name":"reset","decl":{"start":{"line":31,"column":15},"end":{"line":31,"column":20}},"loc":{"start":{"line":31,"column":23},"end":{"line":34,"column":1}},"line":31}},"branchMap":{},"s":{"0":5,"1":5,"2":10,"3":9,"4":9,"5":9,"6":3,"7":6,"8":4,"9":18,"10":18},"f":{"0":10,"1":3,"2":6,"3":4,"4":18},"b":{},"_coverageSchema":"43e27e138ebf9cfc5966b082cf9a028302ed4184","hash":"d7d01dad77b6558d4071af885a84e1d717bc097a"}
,"C:\\Users\\conco\\Desktop\\LambdaSchool\\week15-build\\back-end-this-one\\data\\models\\projectMembersModel.js": {"path":"C:\\Users\\conco\\Desktop\\LambdaSchool\\week15-build\\back-end-this-one\\data\\models\\projectMembersModel.js","statementMap":{"0":{"start":{"line":1,"column":11},"end":{"line":1,"column":33}},"1":{"start":{"line":3,"column":0},"end":{"line":9,"column":2}},"2":{"start":{"line":12,"column":15},"end":{"line":15,"column":4}},"3":{"start":{"line":16,"column":2},"end":{"line":18,"column":13}},"4":{"start":{"line":22,"column":20},"end":{"line":24,"column":24}},"5":{"start":{"line":25,"column":2},"end":{"line":31,"column":3}},"6":{"start":{"line":26,"column":4},"end":{"line":28,"column":15}},"7":{"start":{"line":30,"column":4},"end":{"line":30,"column":16}},"8":{"start":{"line":36,"column":2},"end":{"line":36,"column":69}},"9":{"start":{"line":40,"column":17},"end":{"line":49,"column":40}},"10":{"start":{"line":50,"column":2},"end":{"line":52,"column":5}},"11":{"start":{"line":51,"column":4},"end":{"line":51,"column":25}},"12":{"start":{"line":56,"column":2},"end":{"line":56,"column":41}}},"fnMap":{"0":{"name":"create","decl":{"start":{"line":11,"column":15},"end":{"line":11,"column":21}},"loc":{"start":{"line":11,"column":53},"end":{"line":19,"column":1}},"line":11},"1":{"name":"updateUserId","decl":{"start":{"line":21,"column":15},"end":{"line":21,"column":27}},"loc":{"start":{"line":21,"column":56},"end":{"line":32,"column":1}},"line":21},"2":{"name":"getByClassroomProjectId","decl":{"start":{"line":35,"column":15},"end":{"line":35,"column":38}},"loc":{"start":{"line":35,"column":61},"end":{"line":37,"column":1}},"line":35},"3":{"name":"getClassroomAdminsByProjectMemberId","decl":{"start":{"line":39,"column":15},"end":{"line":39,"column":50}},"loc":{"start":{"line":39,"column":70},"end":{"line":53,"column":1}},"line":39},"4":{"name":"(anonymous_4)","decl":{"start":{"line":50,"column":20},"end":{"line":50,"column":21}},"loc":{"start":{"line":50,"column":29},"end":{"line":52,"column":3}},"line":50},"5":{"name":"reset","decl":{"start":{"line":55,"column":15},"end":{"line":55,"column":20}},"loc":{"start":{"line":55,"column":23},"end":{"line":57,"column":1}},"line":55}},"branchMap":{"0":{"loc":{"start":{"line":25,"column":2},"end":{"line":31,"column":3}},"type":"if","locations":[{"start":{"line":25,"column":2},"end":{"line":31,"column":3}},{"start":{"line":25,"column":2},"end":{"line":31,"column":3}}],"line":25}},"s":{"0":5,"1":5,"2":0,"3":0,"4":0,"5":0,"6":0,"7":0,"8":0,"9":0,"10":0,"11":0,"12":0},"f":{"0":0,"1":0,"2":0,"3":0,"4":0,"5":0},"b":{"0":[0,0]},"_coverageSchema":"43e27e138ebf9cfc5966b082cf9a028302ed4184","hash":"647dabe1b1fc379b16d173453096fe3b201c84a9"}
,"C:\\Users\\conco\\Desktop\\LambdaSchool\\week15-build\\back-end-this-one\\data\\models\\projectsModel.js": {"path":"C:\\Users\\conco\\Desktop\\LambdaSchool\\week15-build\\back-end-this-one\\data\\models\\projectsModel.js","statementMap":{"0":{"start":{"line":1,"column":11},"end":{"line":1,"column":33}},"1":{"start":{"line":3,"column":0},"end":{"line":3,"column":40}},"2":{"start":{"line":6,"column":15},"end":{"line":6,"column":65}},"3":{"start":{"line":7,"column":2},"end":{"line":7,"column":12}},"4":{"start":{"line":11,"column":2},"end":{"line":11,"column":30}},"5":{"start":{"line":15,"column":2},"end":{"line":15,"column":34}}},"fnMap":{"0":{"name":"create","decl":{"start":{"line":5,"column":15},"end":{"line":5,"column":21}},"loc":{"start":{"line":5,"column":41},"end":{"line":8,"column":1}},"line":5},"1":{"name":"get","decl":{"start":{"line":10,"column":15},"end":{"line":10,"column":18}},"loc":{"start":{"line":10,"column":21},"end":{"line":12,"column":1}},"line":10},"2":{"name":"reset","decl":{"start":{"line":14,"column":15},"end":{"line":14,"column":20}},"loc":{"start":{"line":14,"column":23},"end":{"line":16,"column":1}},"line":14}},"branchMap":{},"s":{"0":5,"1":5,"2":5,"3":4,"4":3,"5":8},"f":{"0":5,"1":3,"2":8},"b":{},"_coverageSchema":"43e27e138ebf9cfc5966b082cf9a028302ed4184","hash":"d43f8db5b0dce0f49546eae40776dd3de8cbe0ca"}
,"C:\\Users\\conco\\Desktop\\LambdaSchool\\week15-build\\back-end-this-one\\data\\models\\rolesModel.js": {"path":"C:\\Users\\conco\\Desktop\\LambdaSchool\\week15-build\\back-end-this-one\\data\\models\\rolesModel.js","statementMap":{"0":{"start":{"line":1,"column":11},"end":{"line":1,"column":33}},"1":{"start":{"line":3,"column":0},"end":{"line":3,"column":40}},"2":{"start":{"line":6,"column":15},"end":{"line":6,"column":49}},"3":{"start":{"line":7,"column":2},"end":{"line":7,"column":12}},"4":{"start":{"line":11,"column":2},"end":{"line":11,"column":27}},"5":{"start":{"line":15,"column":2},"end":{"line":15,"column":31}}},"fnMap":{"0":{"name":"create","decl":{"start":{"line":5,"column":15},"end":{"line":5,"column":21}},"loc":{"start":{"line":5,"column":28},"end":{"line":8,"column":1}},"line":5},"1":{"name":"get","decl":{"start":{"line":10,"column":15},"end":{"line":10,"column":18}},"loc":{"start":{"line":10,"column":21},"end":{"line":12,"column":1}},"line":10},"2":{"name":"reset","decl":{"start":{"line":14,"column":15},"end":{"line":14,"column":20}},"loc":{"start":{"line":14,"column":23},"end":{"line":16,"column":1}},"line":14}},"branchMap":{},"s":{"0":5,"1":5,"2":4,"3":3,"4":2,"5":7},"f":{"0":4,"1":2,"2":7},"b":{},"_coverageSchema":"43e27e138ebf9cfc5966b082cf9a028302ed4184","hash":"9c2a2ed7dd831165911496cbbc6ec09b70d853d8"}
}
