TN:
SF:C:\Users\conco\Desktop\LambdaSchool\week15-build\back-end-this-one\knexfile.js
FN:24,(anonymous_0)
FN:43,(anonymous_1)
FN:58,(anonymous_2)
FNF:3
FNH:1
FNDA:4,(anonymous_0)
FNDA:0,(anonymous_1)
FNDA:0,(anonymous_2)
DA:2,5
DA:8,5
DA:10,5
DA:25,4
DA:44,0
DA:59,0
LF:6
LH:4
BRDA:8,0,0,5
BRDA:8,0,1,5
BRF:2
BRH:2
end_of_record
TN:
SF:C:\Users\conco\Desktop\LambdaSchool\week15-build\back-end-this-one\api\server.js
FN:21,(anonymous_0)
FN:31,(anonymous_1)
FNF:2
FNH:1
FNDA:3,(anonymous_0)
FNDA:0,(anonymous_1)
DA:1,5
DA:2,5
DA:3,5
DA:6,5
DA:9,5
DA:10,5
DA:11,5
DA:12,5
DA:13,5
DA:15,5
DA:17,5
DA:18,5
DA:19,5
DA:21,5
DA:22,3
DA:26,5
DA:27,5
DA:28,5
DA:29,5
DA:30,5
DA:31,5
DA:32,0
DA:35,5
LF:23
LH:22
BRF:0
BRH:0
end_of_record
TN:
SF:C:\Users\conco\Desktop\LambdaSchool\week15-build\back-end-this-one\api\authorization\authenticate.js
FN:8,restrict
FN:11,(anonymous_1)
FN:19,(anonymous_2)
FN:23,(anonymous_3)
FN:35,generateToken
FNF:5
FNH:4
FNDA:40,restrict
FNDA:40,(anonymous_1)
FNDA:40,(anonymous_2)
FNDA:0,(anonymous_3)
FNDA:20,generateToken
DA:1,5
DA:2,5
DA:4,5
DA:6,5
DA:9,40
DA:10,40
DA:11,40
DA:12,40
DA:13,0
DA:15,40
DA:16,40
DA:20,40
DA:21,40
DA:24,0
DA:31,0
DA:36,20
DA:40,20
DA:43,20
LF:18
LH:15
BRDA:2,0,0,5
BRDA:2,0,1,5
BRDA:10,1,0,40
BRDA:10,1,1,0
BRDA:12,2,0,0
BRDA:12,2,1,40
BRF:6
BRH:4
end_of_record
TN:
SF:C:\Users\conco\Desktop\LambdaSchool\week15-build\back-end-this-one\api\routers\auth-router.js
FN:54,(anonymous_0)
FN:140,(anonymous_1)
FNF:2
FNH:2
FNDA:23,(anonymous_0)
FNDA:15,(anonymous_1)
DA:1,5
DA:2,5
DA:4,5
DA:6,5
DA:54,5
DA:55,23
DA:57,23
DA:58,23
DA:59,16
DA:60,16
DA:62,16
DA:68,14
DA:71,14
DA:72,14
DA:76,14
DA:84,7
DA:89,2
DA:90,2
DA:94,0
DA:140,5
DA:141,15
DA:143,15
DA:144,15
DA:145,9
DA:149,9
DA:150,6
DA:151,6
DA:154,6
DA:162,3
DA:167,6
DA:172,0
DA:176,5
LF:32
LH:30
BRDA:58,0,0,16
BRDA:58,0,1,7
BRDA:58,1,0,23
BRDA:58,1,1,19
BRDA:58,1,2,18
BRDA:58,1,3,17
BRDA:89,2,0,2
BRDA:89,2,1,0
BRDA:144,3,0,9
BRDA:144,3,1,6
BRDA:144,4,0,15
BRDA:144,4,1,12
BRDA:149,5,0,6
BRDA:149,5,1,3
BRDA:149,6,0,9
BRDA:149,6,1,9
BRF:16
BRH:15
end_of_record
TN:
SF:C:\Users\conco\Desktop\LambdaSchool\week15-build\back-end-this-one\api\routers\classroom-router.js
FN:44,(anonymous_0)
FN:49,(anonymous_1)
FN:52,(anonymous_2)
FN:91,(anonymous_3)
FN:96,(anonymous_4)
FN:99,(anonymous_5)
FN:143,(anonymous_6)
FN:162,(anonymous_7)
FN:165,(anonymous_8)
FN:198,(anonymous_9)
FN:230,(anonymous_10)
FN:275,(anonymous_11)
FN:297,(anonymous_12)
FNF:13
FNH:6
FNDA:11,(anonymous_0)
FNDA:9,(anonymous_1)
FNDA:1,(anonymous_2)
FNDA:0,(anonymous_3)
FNDA:0,(anonymous_4)
FNDA:0,(anonymous_5)
FNDA:0,(anonymous_6)
FNDA:0,(anonymous_7)
FNDA:0,(anonymous_8)
FNDA:3,(anonymous_9)
FNDA:4,(anonymous_10)
FNDA:6,(anonymous_11)
FNDA:0,(anonymous_12)
DA:1,5
DA:3,5
DA:4,5
DA:5,5
DA:6,5
DA:44,5
DA:45,11
DA:46,11
DA:47,11
DA:48,10
DA:50,9
DA:53,1
DA:54,1
DA:56,0
DA:60,1
DA:91,5
DA:92,0
DA:93,0
DA:94,0
DA:95,0
DA:97,0
DA:102,0
DA:105,0
DA:141,5
DA:144,0
DA:145,0
DA:146,0
DA:149,0
DA:150,0
DA:154,0
DA:156,0
DA:157,0
DA:160,0
DA:161,0
DA:163,0
DA:166,0
DA:172,0
DA:198,5
DA:199,3
DA:200,3
DA:202,3
DA:204,0
DA:230,5
DA:231,4
DA:232,4
DA:234,4
DA:235,2
DA:237,2
DA:240,0
DA:275,5
DA:276,6
DA:277,6
DA:278,4
DA:280,4
DA:281,2
DA:283,2
DA:285,2
DA:288,2
DA:293,0
DA:297,5
DA:299,5
LF:61
LH:37
BRDA:47,0,0,10
BRDA:47,0,1,1
BRDA:53,1,0,1
BRDA:53,1,1,0
BRDA:94,2,0,0
BRDA:94,2,1,0
BRDA:94,3,0,0
BRDA:94,3,1,0
BRDA:156,4,0,0
BRDA:156,4,1,0
BRDA:160,5,0,0
BRDA:160,5,1,0
BRDA:160,6,0,0
BRDA:160,6,1,0
BRDA:234,7,0,2
BRDA:234,7,1,2
BRDA:277,8,0,4
BRDA:277,8,1,2
BRDA:280,9,0,2
BRDA:280,9,1,2
BRF:20
BRH:9
end_of_record
TN:
SF:C:\Users\conco\Desktop\LambdaSchool\week15-build\back-end-this-one\api\routers\project-router.js
FN:43,(anonymous_0)
FN:47,(anonymous_1)
FN:50,(anonymous_2)
FN:95,(anonymous_3)
FN:97,(anonymous_4)
FN:100,(anonymous_5)
FNF:6
FNH:5
FNDA:6,(anonymous_0)
FNDA:4,(anonymous_1)
FNDA:1,(anonymous_2)
FNDA:3,(anonymous_3)
FNDA:3,(anonymous_4)
FNDA:0,(anonymous_5)
DA:1,5
DA:3,5
DA:43,5
DA:44,6
DA:45,6
DA:46,5
DA:48,4
DA:51,1
DA:52,1
DA:54,0
DA:58,1
DA:95,5
DA:96,3
DA:98,3
DA:101,0
DA:105,5
LF:16
LH:14
BRDA:45,0,0,5
BRDA:45,0,1,1
BRDA:45,1,0,6
BRDA:45,1,1,5
BRDA:51,2,0,1
BRDA:51,2,1,0
BRF:6
BRH:5
end_of_record
TN:
SF:C:\Users\conco\Desktop\LambdaSchool\week15-build\back-end-this-one\api\routers\project_members-router.js
FN:60,(anonymous_0)
FN:80,(anonymous_1)
FN:89,(anonymous_2)
FNF:3
FNH:0
FNDA:0,(anonymous_0)
FNDA:0,(anonymous_1)
FNDA:0,(anonymous_2)
DA:1,5
DA:3,5
DA:60,5
DA:61,0
DA:62,0
DA:65,0
DA:67,0
DA:71,0
DA:73,0
DA:74,0
DA:78,0
DA:79,0
DA:81,0
DA:82,0
DA:86,0
DA:90,0
DA:96,0
DA:100,5
LF:18
LH:4
BRDA:73,0,0,0
BRDA:73,0,1,0
BRDA:78,1,0,0
BRDA:78,1,1,0
BRDA:78,2,0,0
BRDA:78,2,1,0
BRDA:81,3,0,0
BRDA:81,3,1,0
BRF:8
BRH:0
end_of_record
TN:
SF:C:\Users\conco\Desktop\LambdaSchool\week15-build\back-end-this-one\api\routers\roles-router.js
FN:38,(anonymous_0)
FN:42,(anonymous_1)
FN:45,(anonymous_2)
FN:79,(anonymous_3)
FN:81,(anonymous_4)
FN:84,(anonymous_5)
FNF:6
FNH:5
FNDA:5,(anonymous_0)
FNDA:3,(anonymous_1)
FNDA:1,(anonymous_2)
FNDA:2,(anonymous_3)
FNDA:2,(anonymous_4)
FNDA:0,(anonymous_5)
DA:1,5
DA:2,5
DA:38,5
DA:39,5
DA:40,5
DA:41,4
DA:43,3
DA:46,1
DA:47,1
DA:49,0
DA:53,1
DA:79,5
DA:80,2
DA:82,2
DA:85,0
DA:89,5
LF:16
LH:14
BRDA:40,0,0,4
BRDA:40,0,1,1
BRDA:46,1,0,1
BRDA:46,1,1,0
BRF:4
BRH:3
end_of_record
TN:
SF:C:\Users\conco\Desktop\LambdaSchool\week15-build\back-end-this-one\data\dbConfig.js
FNF:0
FNH:0
DA:1,5
DA:2,5
DA:4,5
DA:6,5
LF:4
LH:4
BRDA:4,0,0,5
BRDA:4,0,1,5
BRF:2
BRH:2
end_of_record
TN:
SF:C:\Users\conco\Desktop\LambdaSchool\week15-build\back-end-this-one\data\models\classroomAdminsModel.js
FN:5,getAdminsByClassRoomId
FN:9,(anonymous_1)
FNF:2
FNH:0
FNDA:0,getAdminsByClassRoomId
FNDA:0,(anonymous_1)
DA:1,5
DA:3,5
DA:6,0
DA:9,0
LF:4
LH:2
BRF:0
BRH:0
end_of_record
TN:
SF:C:\Users\conco\Desktop\LambdaSchool\week15-build\back-end-this-one\data\models\classroomProjectsModel.js
FN:5,create
FNF:1
FNH:0
FNDA:0,create
DA:1,5
DA:3,5
DA:6,0
DA:7,0
LF:4
LH:2
BRF:0
BRH:0
end_of_record
TN:
SF:C:\Users\conco\Desktop\LambdaSchool\week15-build\back-end-this-one\data\models\classroomsModel.js
FN:5,create
FN:15,getAll
FN:19,getById
FN:25,update
FN:31,reset
FNF:5
FNH:5
FNDA:10,create
FNDA:3,getAll
FNDA:6,getById
FNDA:4,update
FNDA:18,reset
DA:1,5
DA:3,5
DA:6,10
DA:7,9
DA:8,9
DA:12,9
DA:16,3
DA:20,6
DA:26,4
DA:32,18
DA:33,18
LF:11
LH:11
BRF:0
BRH:0
end_of_record
TN:
SF:C:\Users\conco\Desktop\LambdaSchool\week15-build\back-end-this-one\data\models\projectMembersModel.js
FN:11,create
FN:21,updateUserId
FN:35,getByClassroomProjectId
FN:39,getClassroomAdminsByProjectMemberId
FN:50,(anonymous_4)
FN:55,reset
FNF:6
FNH:0
FNDA:0,create
FNDA:0,updateUserId
FNDA:0,getByClassroomProjectId
FNDA:0,getClassroomAdminsByProjectMemberId
FNDA:0,(anonymous_4)
FNDA:0,reset
DA:1,5
DA:3,5
DA:12,0
DA:16,0
DA:22,0
DA:25,0
DA:26,0
DA:30,0
DA:36,0
DA:40,0
DA:50,0
DA:51,0
DA:56,0
LF:13
LH:2
BRDA:25,0,0,0
BRDA:25,0,1,0
BRF:2
BRH:0
end_of_record
TN:
SF:C:\Users\conco\Desktop\LambdaSchool\week15-build\back-end-this-one\data\models\projectsModel.js
FN:5,create
FN:10,get
FN:14,reset
FNF:3
FNH:3
FNDA:5,create
FNDA:3,get
FNDA:8,reset
DA:1,5
DA:3,5
DA:6,5
DA:7,4
DA:11,3
DA:15,8
LF:6
LH:6
BRF:0
BRH:0
end_of_record
TN:
SF:C:\Users\conco\Desktop\LambdaSchool\week15-build\back-end-this-one\data\models\rolesModel.js
FN:5,create
FN:10,get
FN:14,reset
FNF:3
FNH:3
FNDA:4,create
FNDA:2,get
FNDA:7,reset
DA:1,5
DA:3,5
DA:6,4
DA:7,3
DA:11,2
DA:15,7
LF:6
LH:6
BRF:0
BRH:0
end_of_record
