<?xml version="1.0" encoding="UTF-8"?>
<coverage generated="1555263740154" clover="3.2.0">
  <project timestamp="1555263740154" name="All files">
    <metrics statements="102" coveredstatements="82" conditionals="30" coveredconditionals="23" methods="21" coveredmethods="10" elements="153" coveredelements="115" complexity="0" loc="102" ncloc="102" packages="6" files="8" classes="8"/>
    <package name="Back-End">
      <metrics statements="6" coveredstatements="4" conditionals="2" coveredconditionals="2" methods="3" coveredmethods="1"/>
      <file name="knexfile.js" path="C:\Users\conco\Desktop\LambdaSchool\week15-build\Back-End\knexfile.js">
        <metrics statements="6" coveredstatements="4" conditionals="2" coveredconditionals="2" methods="3" coveredmethods="1"/>
        <line num="2" count="3" type="stmt"/>
        <line num="8" count="3" type="cond" truecount="2" falsecount="0"/>
        <line num="10" count="3" type="stmt"/>
        <line num="25" count="2" type="stmt"/>
        <line num="44" count="0" type="stmt"/>
        <line num="59" count="0" type="stmt"/>
      </file>
    </package>
    <package name="Back-End.api">
      <metrics statements="17" coveredstatements="16" conditionals="0" coveredconditionals="0" methods="2" coveredmethods="1"/>
      <file name="server.js" path="C:\Users\conco\Desktop\LambdaSchool\week15-build\Back-End\api\server.js">
        <metrics statements="17" coveredstatements="16" conditionals="0" coveredconditionals="0" methods="2" coveredmethods="1"/>
        <line num="1" count="3" type="stmt"/>
        <line num="2" count="3" type="stmt"/>
        <line num="3" count="3" type="stmt"/>
        <line num="6" count="3" type="stmt"/>
        <line num="9" count="3" type="stmt"/>
        <line num="10" count="3" type="stmt"/>
        <line num="12" count="3" type="stmt"/>
        <line num="14" count="3" type="stmt"/>
        <line num="15" count="3" type="stmt"/>
        <line num="16" count="3" type="stmt"/>
        <line num="18" count="3" type="stmt"/>
        <line num="19" count="3" type="stmt"/>
        <line num="23" count="3" type="stmt"/>
        <line num="24" count="3" type="stmt"/>
        <line num="26" count="3" type="stmt"/>
        <line num="27" count="0" type="stmt"/>
        <line num="30" count="3" type="stmt"/>
      </file>
    </package>
    <package name="Back-End.api.authorization">
      <metrics statements="18" coveredstatements="15" conditionals="6" coveredconditionals="4" methods="5" coveredmethods="4"/>
      <file name="authenticate.js" path="C:\Users\conco\Desktop\LambdaSchool\week15-build\Back-End\api\authorization\authenticate.js">
        <metrics statements="18" coveredstatements="15" conditionals="6" coveredconditionals="4" methods="5" coveredmethods="4"/>
        <line num="1" count="3" type="stmt"/>
        <line num="2" count="3" type="cond" truecount="2" falsecount="0"/>
        <line num="4" count="3" type="stmt"/>
        <line num="6" count="3" type="stmt"/>
        <line num="9" count="1" type="stmt"/>
        <line num="10" count="1" type="cond" truecount="1" falsecount="1"/>
        <line num="11" count="1" type="stmt"/>
        <line num="12" count="1" type="cond" truecount="1" falsecount="1"/>
        <line num="13" count="0" type="stmt"/>
        <line num="15" count="1" type="stmt"/>
        <line num="16" count="1" type="stmt"/>
        <line num="20" count="1" type="stmt"/>
        <line num="21" count="1" type="stmt"/>
        <line num="24" count="0" type="stmt"/>
        <line num="31" count="0" type="stmt"/>
        <line num="36" count="16" type="stmt"/>
        <line num="40" count="16" type="stmt"/>
        <line num="43" count="16" type="stmt"/>
      </file>
    </package>
    <package name="Back-End.api.routers">
      <metrics statements="48" coveredstatements="39" conditionals="20" coveredconditionals="15" methods="8" coveredmethods="3"/>
      <file name="auth-router.js" path="C:\Users\conco\Desktop\LambdaSchool\week15-build\Back-End\api\routers\auth-router.js">
        <metrics statements="32" coveredstatements="30" conditionals="16" coveredconditionals="15" methods="2" coveredmethods="2"/>
        <line num="1" count="3" type="stmt"/>
        <line num="2" count="3" type="stmt"/>
        <line num="4" count="3" type="stmt"/>
        <line num="6" count="3" type="stmt"/>
        <line num="54" count="3" type="stmt"/>
        <line num="55" count="21" type="stmt"/>
        <line num="57" count="21" type="stmt"/>
        <line num="58" count="21" type="cond" truecount="6" falsecount="0"/>
        <line num="59" count="14" type="stmt"/>
        <line num="60" count="14" type="stmt"/>
        <line num="62" count="14" type="stmt"/>
        <line num="68" count="12" type="stmt"/>
        <line num="71" count="12" type="stmt"/>
        <line num="72" count="12" type="stmt"/>
        <line num="76" count="12" type="stmt"/>
        <line num="84" count="7" type="stmt"/>
        <line num="89" count="2" type="cond" truecount="1" falsecount="1"/>
        <line num="90" count="2" type="stmt"/>
        <line num="94" count="0" type="stmt"/>
        <line num="139" count="3" type="stmt"/>
        <line num="140" count="13" type="stmt"/>
        <line num="142" count="13" type="stmt"/>
        <line num="143" count="13" type="cond" truecount="4" falsecount="0"/>
        <line num="144" count="7" type="stmt"/>
        <line num="148" count="7" type="cond" truecount="4" falsecount="0"/>
        <line num="149" count="4" type="stmt"/>
        <line num="150" count="4" type="stmt"/>
        <line num="153" count="4" type="stmt"/>
        <line num="161" count="3" type="stmt"/>
        <line num="166" count="6" type="stmt"/>
        <line num="171" count="0" type="stmt"/>
        <line num="175" count="3" type="stmt"/>
      </file>
      <file name="classroom-router.js" path="C:\Users\conco\Desktop\LambdaSchool\week15-build\Back-End\api\routers\classroom-router.js">
        <metrics statements="16" coveredstatements="9" conditionals="4" coveredconditionals="0" methods="6" coveredmethods="1"/>
        <line num="1" count="3" type="stmt"/>
        <line num="3" count="3" type="stmt"/>
        <line num="5" count="3" type="stmt"/>
        <line num="6" count="1" type="stmt"/>
        <line num="7" count="1" type="stmt"/>
        <line num="8" count="0" type="cond" truecount="0" falsecount="2"/>
        <line num="9" count="0" type="stmt"/>
        <line num="11" count="0" type="stmt"/>
        <line num="14" count="0" type="cond" truecount="0" falsecount="2"/>
        <line num="15" count="0" type="stmt"/>
        <line num="17" count="0" type="stmt"/>
        <line num="21" count="0" type="stmt"/>
        <line num="27" count="3" type="stmt"/>
        <line num="29" count="3" type="stmt"/>
        <line num="31" count="3" type="stmt"/>
        <line num="33" count="3" type="stmt"/>
      </file>
    </package>
    <package name="Back-End.data">
      <metrics statements="4" coveredstatements="4" conditionals="2" coveredconditionals="2" methods="0" coveredmethods="0"/>
      <file name="dbConfig.js" path="C:\Users\conco\Desktop\LambdaSchool\week15-build\Back-End\data\dbConfig.js">
        <metrics statements="4" coveredstatements="4" conditionals="2" coveredconditionals="2" methods="0" coveredmethods="0"/>
        <line num="1" count="3" type="stmt"/>
        <line num="2" count="3" type="stmt"/>
        <line num="4" count="3" type="cond" truecount="2" falsecount="0"/>
        <line num="6" count="3" type="stmt"/>
      </file>
    </package>
    <package name="Back-End.data.models">
      <metrics statements="9" coveredstatements="4" conditionals="0" coveredconditionals="0" methods="3" coveredmethods="1"/>
      <file name="classroomAdminsModel.js" path="C:\Users\conco\Desktop\LambdaSchool\week15-build\Back-End\data\models\classroomAdminsModel.js">
        <metrics statements="0" coveredstatements="0" conditionals="0" coveredconditionals="0" methods="0" coveredmethods="0"/>
      </file>
      <file name="classroomsModel.js" path="C:\Users\conco\Desktop\LambdaSchool\week15-build\Back-End\data\models\classroomsModel.js">
        <metrics statements="9" coveredstatements="4" conditionals="0" coveredconditionals="0" methods="3" coveredmethods="1"/>
        <line num="1" count="3" type="stmt"/>
        <line num="3" count="3" type="stmt"/>
        <line num="6" count="0" type="stmt"/>
        <line num="7" count="0" type="stmt"/>
        <line num="8" count="0" type="stmt"/>
        <line num="12" count="0" type="stmt"/>
        <line num="16" count="0" type="stmt"/>
        <line num="22" count="2" type="stmt"/>
        <line num="23" count="2" type="stmt"/>
      </file>
    </package>
  </project>
</coverage>
