{"C:\\Users\\conco\\Desktop\\LambdaSchool\\week15-build\\Back-End\\knexfile.js": {"path":"C:\\Users\\conco\\Desktop\\LambdaSchool\\week15-build\\Back-End\\knexfile.js","statementMap":{"0":{"start":{"line":2,"column":16},"end":{"line":7,"column":1}},"1":{"start":{"line":8,"column":31},"end":{"line":8,"column":66}},"2":{"start":{"line":10,"column":0},"end":{"line":63,"column":2}},"3":{"start":{"line":25,"column":8},"end":{"line":25,"column":51}},"4":{"start":{"line":44,"column":8},"end":{"line":44,"column":51}},"5":{"start":{"line":59,"column":8},"end":{"line":59,"column":51}}},"fnMap":{"0":{"name":"(anonymous_0)","decl":{"start":{"line":24,"column":19},"end":{"line":24,"column":20}},"loc":{"start":{"line":24,"column":35},"end":{"line":26,"column":7}},"line":24},"1":{"name":"(anonymous_1)","decl":{"start":{"line":43,"column":19},"end":{"line":43,"column":20}},"loc":{"start":{"line":43,"column":35},"end":{"line":45,"column":7}},"line":43},"2":{"name":"(anonymous_2)","decl":{"start":{"line":58,"column":19},"end":{"line":58,"column":20}},"loc":{"start":{"line":58,"column":35},"end":{"line":60,"column":7}},"line":58}},"branchMap":{"0":{"loc":{"start":{"line":8,"column":31},"end":{"line":8,"column":66}},"type":"binary-expr","locations":[{"start":{"line":8,"column":31},"end":{"line":8,"column":55}},{"start":{"line":8,"column":59},"end":{"line":8,"column":66}}],"line":8}},"s":{"0":4,"1":4,"2":4,"3":3,"4":0,"5":0},"f":{"0":3,"1":0,"2":0},"b":{"0":[4,4]},"_coverageSchema":"43e27e138ebf9cfc5966b082cf9a028302ed4184","hash":"0ac77eba88685b90a6f42b08c58fde185eee548a"}
,"C:\\Users\\conco\\Desktop\\LambdaSchool\\week15-build\\Back-End\\api\\server.js": {"path":"C:\\Users\\conco\\Desktop\\LambdaSchool\\week15-build\\Back-End\\api\\server.js","statementMap":{"0":{"start":{"line":1,"column":16},"end":{"line":1,"column":34}},"1":{"start":{"line":2,"column":15},"end":{"line":2,"column":32}},"2":{"start":{"line":3,"column":13},"end":{"line":3,"column":28}},"3":{"start":{"line":6,"column":17},"end":{"line":6,"column":68}},"4":{"start":{"line":9,"column":19},"end":{"line":9,"column":54}},"5":{"start":{"line":10,"column":24},"end":{"line":10,"column":64}},"6":{"start":{"line":11,"column":22},"end":{"line":11,"column":60}},"7":{"start":{"line":13,"column":15},"end":{"line":13,"column":24}},"8":{"start":{"line":15,"column":0},"end":{"line":15,"column":21}},"9":{"start":{"line":16,"column":0},"end":{"line":16,"column":19}},"10":{"start":{"line":17,"column":0},"end":{"line":17,"column":27}},"11":{"start":{"line":19,"column":0},"end":{"line":21,"column":3}},"12":{"start":{"line":20,"column":2},"end":{"line":20,"column":71}},"13":{"start":{"line":24,"column":0},"end":{"line":24,"column":36}},"14":{"start":{"line":25,"column":0},"end":{"line":25,"column":57}},"15":{"start":{"line":26,"column":0},"end":{"line":26,"column":53}},"16":{"start":{"line":28,"column":0},"end":{"line":30,"column":3}},"17":{"start":{"line":29,"column":2},"end":{"line":29,"column":52}},"18":{"start":{"line":32,"column":0},"end":{"line":32,"column":24}}},"fnMap":{"0":{"name":"(anonymous_0)","decl":{"start":{"line":19,"column":16},"end":{"line":19,"column":17}},"loc":{"start":{"line":19,"column":36},"end":{"line":21,"column":1}},"line":19},"1":{"name":"(anonymous_1)","decl":{"start":{"line":28,"column":11},"end":{"line":28,"column":12}},"loc":{"start":{"line":28,"column":30},"end":{"line":30,"column":1}},"line":28}},"branchMap":{},"s":{"0":4,"1":4,"2":4,"3":4,"4":4,"5":4,"6":4,"7":4,"8":4,"9":4,"10":4,"11":4,"12":3,"13":4,"14":4,"15":4,"16":4,"17":0,"18":4},"f":{"0":3,"1":0},"b":{},"_coverageSchema":"43e27e138ebf9cfc5966b082cf9a028302ed4184","hash":"8957b2e2ecebc42bf821207e3ce4a10dcb522500"}
,"C:\\Users\\conco\\Desktop\\LambdaSchool\\week15-build\\Back-End\\api\\authorization\\authenticate.js": {"path":"C:\\Users\\conco\\Desktop\\LambdaSchool\\week15-build\\Back-End\\api\\authorization\\authenticate.js","statementMap":{"0":{"start":{"line":1,"column":12},"end":{"line":1,"column":35}},"1":{"start":{"line":2,"column":18},"end":{"line":2,"column":52}},"2":{"start":{"line":4,"column":11},"end":{"line":4,"column":44}},"3":{"start":{"line":6,"column":0},"end":{"line":6,"column":45}},"4":{"start":{"line":9,"column":16},"end":{"line":9,"column":43}},"5":{"start":{"line":10,"column":2},"end":{"line":32,"column":3}},"6":{"start":{"line":11,"column":4},"end":{"line":29,"column":7}},"7":{"start":{"line":12,"column":6},"end":{"line":28,"column":7}},"8":{"start":{"line":13,"column":8},"end":{"line":13,"column":75}},"9":{"start":{"line":15,"column":19},"end":{"line":15,"column":39}},"10":{"start":{"line":16,"column":8},"end":{"line":27,"column":13}},"11":{"start":{"line":20,"column":12},"end":{"line":20,"column":28}},"12":{"start":{"line":21,"column":12},"end":{"line":21,"column":19}},"13":{"start":{"line":24,"column":12},"end":{"line":26,"column":73}},"14":{"start":{"line":31,"column":4},"end":{"line":31,"column":71}},"15":{"start":{"line":36,"column":18},"end":{"line":39,"column":3}},"16":{"start":{"line":40,"column":18},"end":{"line":42,"column":3}},"17":{"start":{"line":43,"column":2},"end":{"line":43,"column":47}}},"fnMap":{"0":{"name":"restrict","decl":{"start":{"line":8,"column":9},"end":{"line":8,"column":17}},"loc":{"start":{"line":8,"column":34},"end":{"line":33,"column":1}},"line":8},"1":{"name":"(anonymous_1)","decl":{"start":{"line":11,"column":33},"end":{"line":11,"column":34}},"loc":{"start":{"line":11,"column":58},"end":{"line":29,"column":5}},"line":11},"2":{"name":"(anonymous_2)","decl":{"start":{"line":19,"column":16},"end":{"line":19,"column":17}},"loc":{"start":{"line":19,"column":24},"end":{"line":22,"column":11}},"line":19},"3":{"name":"(anonymous_3)","decl":{"start":{"line":23,"column":17},"end":{"line":23,"column":18}},"loc":{"start":{"line":23,"column":26},"end":{"line":27,"column":11}},"line":23},"4":{"name":"generateToken","decl":{"start":{"line":35,"column":9},"end":{"line":35,"column":22}},"loc":{"start":{"line":35,"column":29},"end":{"line":44,"column":1}},"line":35}},"branchMap":{"0":{"loc":{"start":{"line":2,"column":18},"end":{"line":2,"column":52}},"type":"binary-expr","locations":[{"start":{"line":2,"column":18},"end":{"line":2,"column":40}},{"start":{"line":2,"column":44},"end":{"line":2,"column":52}}],"line":2},"1":{"loc":{"start":{"line":10,"column":2},"end":{"line":32,"column":3}},"type":"if","locations":[{"start":{"line":10,"column":2},"end":{"line":32,"column":3}},{"start":{"line":10,"column":2},"end":{"line":32,"column":3}}],"line":10},"2":{"loc":{"start":{"line":12,"column":6},"end":{"line":28,"column":7}},"type":"if","locations":[{"start":{"line":12,"column":6},"end":{"line":28,"column":7}},{"start":{"line":12,"column":6},"end":{"line":28,"column":7}}],"line":12}},"s":{"0":4,"1":4,"2":4,"3":4,"4":10,"5":10,"6":10,"7":10,"8":0,"9":10,"10":10,"11":10,"12":10,"13":0,"14":0,"15":18,"16":18,"17":18},"f":{"0":10,"1":10,"2":10,"3":0,"4":18},"b":{"0":[4,4],"1":[10,0],"2":[0,10]},"_coverageSchema":"43e27e138ebf9cfc5966b082cf9a028302ed4184","hash":"c855e5c231f7937247718316f65e58a9618d9c64"}
,"C:\\Users\\conco\\Desktop\\LambdaSchool\\week15-build\\Back-End\\api\\routers\\auth-router.js": {"path":"C:\\Users\\conco\\Desktop\\LambdaSchool\\week15-build\\Back-End\\api\\routers\\auth-router.js","statementMap":{"0":{"start":{"line":1,"column":15},"end":{"line":1,"column":42}},"1":{"start":{"line":2,"column":15},"end":{"line":2,"column":34}},"2":{"start":{"line":4,"column":22},"end":{"line":4,"column":79}},"3":{"start":{"line":6,"column":11},"end":{"line":6,"column":44}},"4":{"start":{"line":54,"column":0},"end":{"line":97,"column":3}},"5":{"start":{"line":55,"column":48},"end":{"line":55,"column":56}},"6":{"start":{"line":57,"column":2},"end":{"line":96,"column":3}},"7":{"start":{"line":58,"column":4},"end":{"line":87,"column":5}},"8":{"start":{"line":59,"column":19},"end":{"line":59,"column":48}},"9":{"start":{"line":60,"column":6},"end":{"line":60,"column":22}},"10":{"start":{"line":62,"column":19},"end":{"line":67,"column":8}},"11":{"start":{"line":68,"column":19},"end":{"line":70,"column":16}},"12":{"start":{"line":71,"column":20},"end":{"line":71,"column":39}},"13":{"start":{"line":72,"column":24},"end":{"line":74,"column":16}},"14":{"start":{"line":76,"column":6},"end":{"line":82,"column":9}},"15":{"start":{"line":84,"column":6},"end":{"line":86,"column":9}},"16":{"start":{"line":89,"column":4},"end":{"line":95,"column":5}},"17":{"start":{"line":90,"column":6},"end":{"line":92,"column":9}},"18":{"start":{"line":94,"column":6},"end":{"line":94,"column":34}},"19":{"start":{"line":139,"column":0},"end":{"line":173,"column":3}},"20":{"start":{"line":140,"column":28},"end":{"line":140,"column":36}},"21":{"start":{"line":142,"column":2},"end":{"line":172,"column":3}},"22":{"start":{"line":143,"column":4},"end":{"line":169,"column":5}},"23":{"start":{"line":144,"column":19},"end":{"line":146,"column":16}},"24":{"start":{"line":148,"column":6},"end":{"line":164,"column":7}},"25":{"start":{"line":149,"column":22},"end":{"line":149,"column":41}},"26":{"start":{"line":150,"column":26},"end":{"line":152,"column":18}},"27":{"start":{"line":153,"column":8},"end":{"line":159,"column":11}},"28":{"start":{"line":161,"column":8},"end":{"line":163,"column":11}},"29":{"start":{"line":166,"column":6},"end":{"line":168,"column":9}},"30":{"start":{"line":171,"column":4},"end":{"line":171,"column":32}},"31":{"start":{"line":175,"column":0},"end":{"line":175,"column":24}}},"fnMap":{"0":{"name":"(anonymous_0)","decl":{"start":{"line":54,"column":25},"end":{"line":54,"column":26}},"loc":{"start":{"line":54,"column":45},"end":{"line":97,"column":1}},"line":54},"1":{"name":"(anonymous_1)","decl":{"start":{"line":139,"column":21},"end":{"line":139,"column":22}},"loc":{"start":{"line":139,"column":41},"end":{"line":173,"column":1}},"line":139}},"branchMap":{"0":{"loc":{"start":{"line":58,"column":4},"end":{"line":87,"column":5}},"type":"if","locations":[{"start":{"line":58,"column":4},"end":{"line":87,"column":5}},{"start":{"line":58,"column":4},"end":{"line":87,"column":5}}],"line":58},"1":{"loc":{"start":{"line":58,"column":8},"end":{"line":58,"column":49}},"type":"binary-expr","locations":[{"start":{"line":58,"column":8},"end":{"line":58,"column":12}},{"start":{"line":58,"column":16},"end":{"line":58,"column":21}},{"start":{"line":58,"column":25},"end":{"line":58,"column":33}},{"start":{"line":58,"column":37},"end":{"line":58,"column":49}}],"line":58},"2":{"loc":{"start":{"line":89,"column":4},"end":{"line":95,"column":5}},"type":"if","locations":[{"start":{"line":89,"column":4},"end":{"line":95,"column":5}},{"start":{"line":89,"column":4},"end":{"line":95,"column":5}}],"line":89},"3":{"loc":{"start":{"line":143,"column":4},"end":{"line":169,"column":5}},"type":"if","locations":[{"start":{"line":143,"column":4},"end":{"line":169,"column":5}},{"start":{"line":143,"column":4},"end":{"line":169,"column":5}}],"line":143},"4":{"loc":{"start":{"line":143,"column":8},"end":{"line":143,"column":25}},"type":"binary-expr","locations":[{"start":{"line":143,"column":8},"end":{"line":143,"column":13}},{"start":{"line":143,"column":17},"end":{"line":143,"column":25}}],"line":143},"5":{"loc":{"start":{"line":148,"column":6},"end":{"line":164,"column":7}},"type":"if","locations":[{"start":{"line":148,"column":6},"end":{"line":164,"column":7}},{"start":{"line":148,"column":6},"end":{"line":164,"column":7}}],"line":148},"6":{"loc":{"start":{"line":148,"column":10},"end":{"line":148,"column":61}},"type":"binary-expr","locations":[{"start":{"line":148,"column":10},"end":{"line":148,"column":14}},{"start":{"line":148,"column":18},"end":{"line":148,"column":61}}],"line":148}},"s":{"0":4,"1":4,"2":4,"3":4,"4":4,"5":22,"6":22,"7":22,"8":15,"9":15,"10":15,"11":13,"12":13,"13":13,"14":13,"15":7,"16":2,"17":2,"18":0,"19":4,"20":14,"21":14,"22":14,"23":8,"24":8,"25":5,"26":5,"27":5,"28":3,"29":6,"30":0,"31":4},"f":{"0":22,"1":14},"b":{"0":[15,7],"1":[22,18,17,16],"2":[2,0],"3":[8,6],"4":[14,11],"5":[5,3],"6":[8,8]},"_coverageSchema":"43e27e138ebf9cfc5966b082cf9a028302ed4184","hash":"83c60b4ccd63201447159f5608a00f79d4c120e5"}
,"C:\\Users\\conco\\Desktop\\LambdaSchool\\week15-build\\Back-End\\api\\routers\\classroom-router.js": {"path":"C:\\Users\\conco\\Desktop\\LambdaSchool\\week15-build\\Back-End\\api\\routers\\classroom-router.js","statementMap":{"0":{"start":{"line":1,"column":15},"end":{"line":1,"column":42}},"1":{"start":{"line":3,"column":19},"end":{"line":3,"column":66}},"2":{"start":{"line":41,"column":0},"end":{"line":61,"column":3}},"3":{"start":{"line":42,"column":19},"end":{"line":42,"column":27}},"4":{"start":{"line":43,"column":18},"end":{"line":43,"column":29}},"5":{"start":{"line":44,"column":2},"end":{"line":60,"column":3}},"6":{"start":{"line":45,"column":4},"end":{"line":55,"column":9}},"7":{"start":{"line":47,"column":8},"end":{"line":47,"column":40}},"8":{"start":{"line":50,"column":8},"end":{"line":54,"column":9}},"9":{"start":{"line":51,"column":10},"end":{"line":51,"column":71}},"10":{"start":{"line":53,"column":10},"end":{"line":53,"column":67}},"11":{"start":{"line":57,"column":4},"end":{"line":59,"column":7}},"12":{"start":{"line":63,"column":0},"end":{"line":63,"column":37}},"13":{"start":{"line":65,"column":0},"end":{"line":65,"column":37}},"14":{"start":{"line":67,"column":0},"end":{"line":67,"column":40}},"15":{"start":{"line":69,"column":0},"end":{"line":69,"column":24}}},"fnMap":{"0":{"name":"(anonymous_0)","decl":{"start":{"line":41,"column":17},"end":{"line":41,"column":18}},"loc":{"start":{"line":41,"column":31},"end":{"line":61,"column":1}},"line":41},"1":{"name":"(anonymous_1)","decl":{"start":{"line":46,"column":12},"end":{"line":46,"column":13}},"loc":{"start":{"line":46,"column":25},"end":{"line":48,"column":7}},"line":46},"2":{"name":"(anonymous_2)","decl":{"start":{"line":49,"column":13},"end":{"line":49,"column":14}},"loc":{"start":{"line":49,"column":22},"end":{"line":55,"column":7}},"line":49},"3":{"name":"(anonymous_3)","decl":{"start":{"line":63,"column":19},"end":{"line":63,"column":20}},"loc":{"start":{"line":63,"column":33},"end":{"line":63,"column":35}},"line":63},"4":{"name":"(anonymous_4)","decl":{"start":{"line":65,"column":19},"end":{"line":65,"column":20}},"loc":{"start":{"line":65,"column":33},"end":{"line":65,"column":35}},"line":65},"5":{"name":"(anonymous_5)","decl":{"start":{"line":67,"column":22},"end":{"line":67,"column":23}},"loc":{"start":{"line":67,"column":36},"end":{"line":67,"column":38}},"line":67}},"branchMap":{"0":{"loc":{"start":{"line":44,"column":2},"end":{"line":60,"column":3}},"type":"if","locations":[{"start":{"line":44,"column":2},"end":{"line":60,"column":3}},{"start":{"line":44,"column":2},"end":{"line":60,"column":3}}],"line":44},"1":{"loc":{"start":{"line":50,"column":8},"end":{"line":54,"column":9}},"type":"if","locations":[{"start":{"line":50,"column":8},"end":{"line":54,"column":9}},{"start":{"line":50,"column":8},"end":{"line":54,"column":9}}],"line":50}},"s":{"0":4,"1":4,"2":4,"3":5,"4":5,"5":5,"6":4,"7":3,"8":1,"9":1,"10":0,"11":1,"12":4,"13":4,"14":4,"15":4},"f":{"0":5,"1":3,"2":1,"3":0,"4":0,"5":0},"b":{"0":[4,1],"1":[1,0]},"_coverageSchema":"43e27e138ebf9cfc5966b082cf9a028302ed4184","hash":"1242d7078b70e334d1477914717a28c20d66aed2"}
,"C:\\Users\\conco\\Desktop\\LambdaSchool\\week15-build\\Back-End\\api\\routers\\project-router.js": {"path":"C:\\Users\\conco\\Desktop\\LambdaSchool\\week15-build\\Back-End\\api\\routers\\project-router.js","statementMap":{"0":{"start":{"line":1,"column":15},"end":{"line":1,"column":42}},"1":{"start":{"line":3,"column":17},"end":{"line":3,"column":62}},"2":{"start":{"line":43,"column":0},"end":{"line":62,"column":3}},"3":{"start":{"line":44,"column":32},"end":{"line":44,"column":40}},"4":{"start":{"line":45,"column":2},"end":{"line":61,"column":3}},"5":{"start":{"line":46,"column":4},"end":{"line":56,"column":9}},"6":{"start":{"line":48,"column":8},"end":{"line":48,"column":56}},"7":{"start":{"line":51,"column":8},"end":{"line":55,"column":9}},"8":{"start":{"line":52,"column":10},"end":{"line":52,"column":70}},"9":{"start":{"line":54,"column":10},"end":{"line":54,"column":67}},"10":{"start":{"line":58,"column":4},"end":{"line":60,"column":7}},"11":{"start":{"line":94,"column":0},"end":{"line":102,"column":3}},"12":{"start":{"line":95,"column":2},"end":{"line":101,"column":7}},"13":{"start":{"line":97,"column":6},"end":{"line":97,"column":37}},"14":{"start":{"line":100,"column":6},"end":{"line":100,"column":63}},"15":{"start":{"line":104,"column":0},"end":{"line":104,"column":24}}},"fnMap":{"0":{"name":"(anonymous_0)","decl":{"start":{"line":43,"column":17},"end":{"line":43,"column":18}},"loc":{"start":{"line":43,"column":31},"end":{"line":62,"column":1}},"line":43},"1":{"name":"(anonymous_1)","decl":{"start":{"line":47,"column":12},"end":{"line":47,"column":13}},"loc":{"start":{"line":47,"column":18},"end":{"line":49,"column":7}},"line":47},"2":{"name":"(anonymous_2)","decl":{"start":{"line":50,"column":13},"end":{"line":50,"column":14}},"loc":{"start":{"line":50,"column":22},"end":{"line":56,"column":7}},"line":50},"3":{"name":"(anonymous_3)","decl":{"start":{"line":94,"column":16},"end":{"line":94,"column":17}},"loc":{"start":{"line":94,"column":30},"end":{"line":102,"column":1}},"line":94},"4":{"name":"(anonymous_4)","decl":{"start":{"line":96,"column":10},"end":{"line":96,"column":11}},"loc":{"start":{"line":96,"column":22},"end":{"line":98,"column":5}},"line":96},"5":{"name":"(anonymous_5)","decl":{"start":{"line":99,"column":11},"end":{"line":99,"column":12}},"loc":{"start":{"line":99,"column":20},"end":{"line":101,"column":5}},"line":99}},"branchMap":{"0":{"loc":{"start":{"line":45,"column":2},"end":{"line":61,"column":3}},"type":"if","locations":[{"start":{"line":45,"column":2},"end":{"line":61,"column":3}},{"start":{"line":45,"column":2},"end":{"line":61,"column":3}}],"line":45},"1":{"loc":{"start":{"line":45,"column":6},"end":{"line":45,"column":25}},"type":"binary-expr","locations":[{"start":{"line":45,"column":6},"end":{"line":45,"column":10}},{"start":{"line":45,"column":14},"end":{"line":45,"column":25}}],"line":45},"2":{"loc":{"start":{"line":51,"column":8},"end":{"line":55,"column":9}},"type":"if","locations":[{"start":{"line":51,"column":8},"end":{"line":55,"column":9}},{"start":{"line":51,"column":8},"end":{"line":55,"column":9}}],"line":51}},"s":{"0":4,"1":4,"2":4,"3":5,"4":5,"5":4,"6":3,"7":1,"8":1,"9":0,"10":1,"11":4,"12":0,"13":0,"14":0,"15":4},"f":{"0":5,"1":3,"2":1,"3":0,"4":0,"5":0},"b":{"0":[4,1],"1":[5,4],"2":[1,0]},"_coverageSchema":"43e27e138ebf9cfc5966b082cf9a028302ed4184","hash":"2bccc159b077e93817c76ed7d9706c9bb61f76aa"}
,"C:\\Users\\conco\\Desktop\\LambdaSchool\\week15-build\\Back-End\\data\\dbConfig.js": {"path":"C:\\Users\\conco\\Desktop\\LambdaSchool\\week15-build\\Back-End\\data\\dbConfig.js","statementMap":{"0":{"start":{"line":1,"column":13},"end":{"line":1,"column":28}},"1":{"start":{"line":2,"column":15},"end":{"line":2,"column":40}},"2":{"start":{"line":4,"column":14},"end":{"line":4,"column":49}},"3":{"start":{"line":6,"column":0},"end":{"line":6,"column":37}}},"fnMap":{},"branchMap":{"0":{"loc":{"start":{"line":4,"column":14},"end":{"line":4,"column":49}},"type":"binary-expr","locations":[{"start":{"line":4,"column":14},"end":{"line":4,"column":32}},{"start":{"line":4,"column":36},"end":{"line":4,"column":49}}],"line":4}},"s":{"0":4,"1":4,"2":4,"3":4},"f":{},"b":{"0":[4,4]},"_coverageSchema":"43e27e138ebf9cfc5966b082cf9a028302ed4184","hash":"3ba3dc205ef40faa5f5f4f1b07307d832313d8c2"}
,"C:\\Users\\conco\\Desktop\\LambdaSchool\\week15-build\\Back-End\\data\\models\\classroomsModel.js": {"path":"C:\\Users\\conco\\Desktop\\LambdaSchool\\week15-build\\Back-End\\data\\models\\classroomsModel.js","statementMap":{"0":{"start":{"line":1,"column":11},"end":{"line":1,"column":33}},"1":{"start":{"line":3,"column":0},"end":{"line":3,"column":44}},"2":{"start":{"line":6,"column":24},"end":{"line":6,"column":63}},"3":{"start":{"line":7,"column":23},"end":{"line":7,"column":39}},"4":{"start":{"line":8,"column":35},"end":{"line":11,"column":4}},"5":{"start":{"line":12,"column":2},"end":{"line":12,"column":62}},"6":{"start":{"line":16,"column":2},"end":{"line":18,"column":13}},"7":{"start":{"line":22,"column":2},"end":{"line":22,"column":42}},"8":{"start":{"line":23,"column":2},"end":{"line":23,"column":36}}},"fnMap":{"0":{"name":"create","decl":{"start":{"line":5,"column":15},"end":{"line":5,"column":21}},"loc":{"start":{"line":5,"column":37},"end":{"line":13,"column":1}},"line":5},"1":{"name":"getById","decl":{"start":{"line":15,"column":15},"end":{"line":15,"column":22}},"loc":{"start":{"line":15,"column":27},"end":{"line":19,"column":1}},"line":15},"2":{"name":"reset","decl":{"start":{"line":21,"column":15},"end":{"line":21,"column":20}},"loc":{"start":{"line":21,"column":23},"end":{"line":24,"column":1}},"line":21}},"branchMap":{},"s":{"0":4,"1":4,"2":4,"3":3,"4":3,"5":3,"6":0,"7":5,"8":5},"f":{"0":4,"1":0,"2":5},"b":{},"_coverageSchema":"43e27e138ebf9cfc5966b082cf9a028302ed4184","hash":"ede3ad0b43118f3f6597b5177181f7cbd20af4cf"}
,"C:\\Users\\conco\\Desktop\\LambdaSchool\\week15-build\\Back-End\\data\\models\\projectsModel.js": {"path":"C:\\Users\\conco\\Desktop\\LambdaSchool\\week15-build\\Back-End\\data\\models\\projectsModel.js","statementMap":{"0":{"start":{"line":1,"column":11},"end":{"line":1,"column":33}},"1":{"start":{"line":3,"column":0},"end":{"line":3,"column":40}},"2":{"start":{"line":6,"column":15},"end":{"line":6,"column":65}},"3":{"start":{"line":7,"column":2},"end":{"line":7,"column":12}},"4":{"start":{"line":11,"column":2},"end":{"line":11,"column":30}},"5":{"start":{"line":15,"column":2},"end":{"line":15,"column":34}}},"fnMap":{"0":{"name":"create","decl":{"start":{"line":5,"column":15},"end":{"line":5,"column":21}},"loc":{"start":{"line":5,"column":41},"end":{"line":8,"column":1}},"line":5},"1":{"name":"get","decl":{"start":{"line":10,"column":15},"end":{"line":10,"column":18}},"loc":{"start":{"line":10,"column":21},"end":{"line":12,"column":1}},"line":10},"2":{"name":"reset","decl":{"start":{"line":14,"column":15},"end":{"line":14,"column":20}},"loc":{"start":{"line":14,"column":23},"end":{"line":16,"column":1}},"line":14}},"branchMap":{},"s":{"0":4,"1":4,"2":4,"3":3,"4":0,"5":5},"f":{"0":4,"1":0,"2":5},"b":{},"_coverageSchema":"43e27e138ebf9cfc5966b082cf9a028302ed4184","hash":"47d8221db03d1c14a77407f2560fd7a1ebe5a45a"}
}
