TN:
SF:C:\Users\conco\Desktop\LambdaSchool\week15-build\Back-End\knexfile.js
FN:24,(anonymous_0)
FN:43,(anonymous_1)
FN:58,(anonymous_2)
FNF:3
FNH:1
FNDA:2,(anonymous_0)
FNDA:0,(anonymous_1)
FNDA:0,(anonymous_2)
DA:2,3
DA:8,3
DA:10,3
DA:25,2
DA:44,0
DA:59,0
LF:6
LH:4
BRDA:8,0,0,3
BRDA:8,0,1,3
BRF:2
BRH:2
end_of_record
TN:
SF:C:\Users\conco\Desktop\LambdaSchool\week15-build\Back-End\api\server.js
FN:18,(anonymous_0)
FN:26,(anonymous_1)
FNF:2
FNH:1
FNDA:3,(anonymous_0)
FNDA:0,(anonymous_1)
DA:1,3
DA:2,3
DA:3,3
DA:6,3
DA:9,3
DA:10,3
DA:12,3
DA:14,3
DA:15,3
DA:16,3
DA:18,3
DA:19,3
DA:23,3
DA:24,3
DA:26,3
DA:27,0
DA:30,3
LF:17
LH:16
BRF:0
BRH:0
end_of_record
TN:
SF:C:\Users\conco\Desktop\LambdaSchool\week15-build\Back-End\api\authorization\authenticate.js
FN:8,restrict
FN:11,(anonymous_1)
FN:19,(anonymous_2)
FN:23,(anonymous_3)
FN:35,generateToken
FNF:5
FNH:4
FNDA:5,restrict
FNDA:5,(anonymous_1)
FNDA:5,(anonymous_2)
FNDA:0,(anonymous_3)
FNDA:16,generateToken
DA:1,3
DA:2,3
DA:4,3
DA:6,3
DA:9,5
DA:10,5
DA:11,5
DA:12,5
DA:13,0
DA:15,5
DA:16,5
DA:20,5
DA:21,5
DA:24,0
DA:31,0
DA:36,16
DA:40,16
DA:43,16
LF:18
LH:15
BRDA:2,0,0,3
BRDA:2,0,1,3
BRDA:10,1,0,5
BRDA:10,1,1,0
BRDA:12,2,0,0
BRDA:12,2,1,5
BRF:6
BRH:4
end_of_record
TN:
SF:C:\Users\conco\Desktop\LambdaSchool\week15-build\Back-End\api\routers\auth-router.js
FN:54,(anonymous_0)
FN:139,(anonymous_1)
FNF:2
FNH:2
FNDA:21,(anonymous_0)
FNDA:13,(anonymous_1)
DA:1,3
DA:2,3
DA:4,3
DA:6,3
DA:54,3
DA:55,21
DA:57,21
DA:58,21
DA:59,14
DA:60,14
DA:62,14
DA:68,12
DA:71,12
DA:72,12
DA:76,12
DA:84,7
DA:89,2
DA:90,2
DA:94,0
DA:139,3
DA:140,13
DA:142,13
DA:143,13
DA:144,7
DA:148,7
DA:149,4
DA:150,4
DA:153,4
DA:161,3
DA:166,6
DA:171,0
DA:175,3
LF:32
LH:30
BRDA:58,0,0,14
BRDA:58,0,1,7
BRDA:58,1,0,21
BRDA:58,1,1,17
BRDA:58,1,2,16
BRDA:58,1,3,15
BRDA:89,2,0,2
BRDA:89,2,1,0
BRDA:143,3,0,7
BRDA:143,3,1,6
BRDA:143,4,0,13
BRDA:143,4,1,10
BRDA:148,5,0,4
BRDA:148,5,1,3
BRDA:148,6,0,7
BRDA:148,6,1,7
BRF:16
BRH:15
end_of_record
TN:
SF:C:\Users\conco\Desktop\LambdaSchool\week15-build\Back-End\api\routers\classroom-router.js
FN:41,(anonymous_0)
FN:46,(anonymous_1)
FN:49,(anonymous_2)
FN:63,(anonymous_3)
FN:65,(anonymous_4)
FN:67,(anonymous_5)
FNF:6
FNH:3
FNDA:5,(anonymous_0)
FNDA:3,(anonymous_1)
FNDA:1,(anonymous_2)
FNDA:0,(anonymous_3)
FNDA:0,(anonymous_4)
FNDA:0,(anonymous_5)
DA:1,3
DA:3,3
DA:41,3
DA:42,5
DA:43,5
DA:44,5
DA:45,4
DA:47,3
DA:50,1
DA:51,1
DA:53,0
DA:57,1
DA:63,3
DA:65,3
DA:67,3
DA:69,3
LF:16
LH:15
BRDA:44,0,0,4
BRDA:44,0,1,1
BRDA:50,1,0,1
BRDA:50,1,1,0
BRF:4
BRH:3
end_of_record
TN:
SF:C:\Users\conco\Desktop\LambdaSchool\week15-build\Back-End\data\dbConfig.js
FNF:0
FNH:0
DA:1,3
DA:2,3
DA:4,3
DA:6,3
LF:4
LH:4
BRDA:4,0,0,3
BRDA:4,0,1,3
BRF:2
BRH:2
end_of_record
TN:
SF:C:\Users\conco\Desktop\LambdaSchool\week15-build\Back-End\data\models\classroomsModel.js
FN:5,create
FN:15,getById
FN:21,reset
FNF:3
FNH:2
FNDA:4,create
FNDA:0,getById
FNDA:5,reset
DA:1,3
DA:3,3
DA:6,4
DA:7,3
DA:8,3
DA:12,3
DA:16,0
DA:22,5
DA:23,5
LF:9
LH:8
BRF:0
BRH:0
end_of_record
