TN:
SF:C:\Users\conco\Desktop\LambdaSchool\week15-build\Back-End\knexfile.js
FN:24,(anonymous_0)
FN:43,(anonymous_1)
FN:58,(anonymous_2)
FNF:3
FNH:1
FNDA:3,(anonymous_0)
FNDA:0,(anonymous_1)
FNDA:0,(anonymous_2)
DA:2,4
DA:8,4
DA:10,4
DA:25,3
DA:44,0
DA:59,0
LF:6
LH:4
BRDA:8,0,0,4
BRDA:8,0,1,4
BRF:2
BRH:2
end_of_record
TN:
SF:C:\Users\conco\Desktop\LambdaSchool\week15-build\Back-End\api\server.js
FN:19,(anonymous_0)
FN:28,(anonymous_1)
FNF:2
FNH:1
FNDA:3,(anonymous_0)
FNDA:0,(anonymous_1)
DA:1,4
DA:2,4
DA:3,4
DA:6,4
DA:9,4
DA:10,4
DA:11,4
DA:13,4
DA:15,4
DA:16,4
DA:17,4
DA:19,4
DA:20,3
DA:24,4
DA:25,4
DA:26,4
DA:28,4
DA:29,0
DA:32,4
LF:19
LH:18
BRF:0
BRH:0
end_of_record
TN:
SF:C:\Users\conco\Desktop\LambdaSchool\week15-build\Back-End\api\authorization\authenticate.js
FN:8,restrict
FN:11,(anonymous_1)
FN:19,(anonymous_2)
FN:23,(anonymous_3)
FN:35,generateToken
FNF:5
FNH:4
FNDA:10,restrict
FNDA:10,(anonymous_1)
FNDA:10,(anonymous_2)
FNDA:0,(anonymous_3)
FNDA:18,generateToken
DA:1,4
DA:2,4
DA:4,4
DA:6,4
DA:9,10
DA:10,10
DA:11,10
DA:12,10
DA:13,0
DA:15,10
DA:16,10
DA:20,10
DA:21,10
DA:24,0
DA:31,0
DA:36,18
DA:40,18
DA:43,18
LF:18
LH:15
BRDA:2,0,0,4
BRDA:2,0,1,4
BRDA:10,1,0,10
BRDA:10,1,1,0
BRDA:12,2,0,0
BRDA:12,2,1,10
BRF:6
BRH:4
end_of_record
TN:
SF:C:\Users\conco\Desktop\LambdaSchool\week15-build\Back-End\api\routers\auth-router.js
FN:54,(anonymous_0)
FN:139,(anonymous_1)
FNF:2
FNH:2
FNDA:22,(anonymous_0)
FNDA:14,(anonymous_1)
DA:1,4
DA:2,4
DA:4,4
DA:6,4
DA:54,4
DA:55,22
DA:57,22
DA:58,22
DA:59,15
DA:60,15
DA:62,15
DA:68,13
DA:71,13
DA:72,13
DA:76,13
DA:84,7
DA:89,2
DA:90,2
DA:94,0
DA:139,4
DA:140,14
DA:142,14
DA:143,14
DA:144,8
DA:148,8
DA:149,5
DA:150,5
DA:153,5
DA:161,3
DA:166,6
DA:171,0
DA:175,4
LF:32
LH:30
BRDA:58,0,0,15
BRDA:58,0,1,7
BRDA:58,1,0,22
BRDA:58,1,1,18
BRDA:58,1,2,17
BRDA:58,1,3,16
BRDA:89,2,0,2
BRDA:89,2,1,0
BRDA:143,3,0,8
BRDA:143,3,1,6
BRDA:143,4,0,14
BRDA:143,4,1,11
BRDA:148,5,0,5
BRDA:148,5,1,3
BRDA:148,6,0,8
BRDA:148,6,1,8
BRF:16
BRH:15
end_of_record
TN:
SF:C:\Users\conco\Desktop\LambdaSchool\week15-build\Back-End\api\routers\classroom-router.js
FN:41,(anonymous_0)
FN:46,(anonymous_1)
FN:49,(anonymous_2)
FN:63,(anonymous_3)
FN:65,(anonymous_4)
FN:67,(anonymous_5)
FNF:6
FNH:3
FNDA:5,(anonymous_0)
FNDA:3,(anonymous_1)
FNDA:1,(anonymous_2)
FNDA:0,(anonymous_3)
FNDA:0,(anonymous_4)
FNDA:0,(anonymous_5)
DA:1,4
DA:3,4
DA:41,4
DA:42,5
DA:43,5
DA:44,5
DA:45,4
DA:47,3
DA:50,1
DA:51,1
DA:53,0
DA:57,1
DA:63,4
DA:65,4
DA:67,4
DA:69,4
LF:16
LH:15
BRDA:44,0,0,4
BRDA:44,0,1,1
BRDA:50,1,0,1
BRDA:50,1,1,0
BRF:4
BRH:3
end_of_record
TN:
SF:C:\Users\conco\Desktop\LambdaSchool\week15-build\Back-End\api\routers\project-router.js
FN:43,(anonymous_0)
FN:47,(anonymous_1)
FN:50,(anonymous_2)
FN:94,(anonymous_3)
FN:96,(anonymous_4)
FN:99,(anonymous_5)
FNF:6
FNH:3
FNDA:5,(anonymous_0)
FNDA:3,(anonymous_1)
FNDA:1,(anonymous_2)
FNDA:0,(anonymous_3)
FNDA:0,(anonymous_4)
FNDA:0,(anonymous_5)
DA:1,4
DA:3,4
DA:43,4
DA:44,5
DA:45,5
DA:46,4
DA:48,3
DA:51,1
DA:52,1
DA:54,0
DA:58,1
DA:94,4
DA:95,0
DA:97,0
DA:100,0
DA:104,4
LF:16
LH:12
BRDA:45,0,0,4
BRDA:45,0,1,1
BRDA:45,1,0,5
BRDA:45,1,1,4
BRDA:51,2,0,1
BRDA:51,2,1,0
BRF:6
BRH:5
end_of_record
TN:
SF:C:\Users\conco\Desktop\LambdaSchool\week15-build\Back-End\data\dbConfig.js
FNF:0
FNH:0
DA:1,4
DA:2,4
DA:4,4
DA:6,4
LF:4
LH:4
BRDA:4,0,0,4
BRDA:4,0,1,4
BRF:2
BRH:2
end_of_record
TN:
SF:C:\Users\conco\Desktop\LambdaSchool\week15-build\Back-End\data\models\classroomsModel.js
FN:5,create
FN:15,getById
FN:21,reset
FNF:3
FNH:2
FNDA:4,create
FNDA:0,getById
FNDA:5,reset
DA:1,4
DA:3,4
DA:6,4
DA:7,3
DA:8,3
DA:12,3
DA:16,0
DA:22,5
DA:23,5
LF:9
LH:8
BRF:0
BRH:0
end_of_record
TN:
SF:C:\Users\conco\Desktop\LambdaSchool\week15-build\Back-End\data\models\projectsModel.js
FN:5,create
FN:10,get
FN:14,reset
FNF:3
FNH:2
FNDA:4,create
FNDA:0,get
FNDA:5,reset
DA:1,4
DA:3,4
DA:6,4
DA:7,3
DA:11,0
DA:15,5
LF:6
LH:5
BRF:0
BRH:0
end_of_record
